{"/home/travis/build/npmtest/node-npmtest-native-promise-only/test.js":{"path":"/home/travis/build/npmtest/node-npmtest-native-promise-only/test.js","s":{"1":2,"2":2,"3":2,"4":2,"5":2,"6":2,"7":2,"8":1,"9":2,"10":2,"11":1,"12":1,"13":1,"14":1,"15":2,"16":2,"17":2,"18":2,"19":1,"20":1,"21":2,"22":2,"23":2,"24":1,"25":1,"26":1,"27":1,"28":1,"29":1,"30":1,"31":1,"32":1,"33":1,"34":1,"35":1,"36":1,"37":2,"38":2,"39":1,"40":2,"41":2,"42":1,"43":2,"44":2,"45":1,"46":2,"47":2,"48":1,"49":1,"50":1,"51":1,"52":1},"b":{"1":[2,1,1,1],"2":[1,1,1,1],"3":[1,1],"4":[1,1],"5":[1,1],"6":[1,1],"7":[1,1],"8":[1,1],"9":[1,1,1],"10":[1,1],"11":[1,1],"12":[1,1],"13":[1,1],"14":[1,1],"15":[1,1],"16":[1,1]},"f":{"1":2,"2":2,"3":2,"4":2,"5":2,"6":1,"7":1,"8":2,"9":2,"10":2,"11":2,"12":1},"fnMap":{"1":{"name":"(anonymous_1)","line":12,"loc":{"start":{"line":12,"column":1},"end":{"line":12,"column":13}}},"2":{"name":"(anonymous_2)","line":19,"loc":{"start":{"line":19,"column":5},"end":{"line":19,"column":17}}},"3":{"name":"(anonymous_3)","line":23,"loc":{"start":{"line":23,"column":24},"end":{"line":23,"column":36}}},"4":{"name":"(anonymous_4)","line":61,"loc":{"start":{"line":61,"column":5},"end":{"line":61,"column":17}}},"5":{"name":"(anonymous_5)","line":82,"loc":{"start":{"line":82,"column":5},"end":{"line":82,"column":17}}},"6":{"name":"(anonymous_6)","line":102,"loc":{"start":{"line":102,"column":83},"end":{"line":105,"column":10}},"skip":true},"7":{"name":"(anonymous_7)","line":113,"loc":{"start":{"line":113,"column":77},"end":{"line":116,"column":10}},"skip":true},"8":{"name":"(anonymous_8)","line":129,"loc":{"start":{"line":129,"column":12},"end":{"line":129,"column":40}},"skip":true},"9":{"name":"(anonymous_9)","line":137,"loc":{"start":{"line":137,"column":77},"end":{"line":140,"column":10}},"skip":true},"10":{"name":"(anonymous_10)","line":148,"loc":{"start":{"line":148,"column":83},"end":{"line":151,"column":10}},"skip":true},"11":{"name":"(anonymous_11)","line":159,"loc":{"start":{"line":159,"column":79},"end":{"line":162,"column":10}},"skip":true},"12":{"name":"(anonymous_12)","line":170,"loc":{"start":{"line":170,"column":75},"end":{"line":173,"column":10}},"skip":true}},"statementMap":{"1":{"start":{"line":12,"column":0},"end":{"line":185,"column":5}},"2":{"start":{"line":14,"column":4},"end":{"line":14,"column":14}},"3":{"start":{"line":19,"column":4},"end":{"line":56,"column":9}},"4":{"start":{"line":21,"column":8},"end":{"line":21,"column":19}},"5":{"start":{"line":23,"column":8},"end":{"line":35,"column":13}},"6":{"start":{"line":24,"column":12},"end":{"line":34,"column":13}},"7":{"start":{"line":25,"column":16},"end":{"line":28,"column":30}},"8":{"start":{"line":30,"column":16},"end":{"line":33,"column":27}},"9":{"start":{"line":37,"column":8},"end":{"line":39,"column":21}},"10":{"start":{"line":40,"column":8},"end":{"line":53,"column":9}},"11":{"start":{"line":43,"column":12},"end":{"line":46,"column":14}},"12":{"start":{"line":47,"column":12},"end":{"line":47,"column":18}},"13":{"start":{"line":50,"column":12},"end":{"line":51,"column":46}},"14":{"start":{"line":52,"column":12},"end":{"line":52,"column":18}},"15":{"start":{"line":55,"column":8},"end":{"line":55,"column":35}},"16":{"start":{"line":61,"column":4},"end":{"line":63,"column":9}},"17":{"start":{"line":62,"column":8},"end":{"line":62,"column":15}},"18":{"start":{"line":64,"column":4},"end":{"line":77,"column":5}},"19":{"start":{"line":70,"column":8},"end":{"line":70,"column":14}},"20":{"start":{"line":76,"column":8},"end":{"line":76,"column":14}},"21":{"start":{"line":82,"column":4},"end":{"line":84,"column":9}},"22":{"start":{"line":83,"column":8},"end":{"line":83,"column":15}},"23":{"start":{"line":85,"column":4},"end":{"line":184,"column":5}},"24":{"start":{"line":92,"column":8},"end":{"line":94,"column":63}},"25":{"start":{"line":95,"column":8},"end":{"line":95,"column":14}},"26":{"start":{"line":102,"column":8},"end":{"line":111,"column":10},"skip":true},"27":{"start":{"line":109,"column":12},"end":{"line":109,"column":55},"skip":true},"28":{"start":{"line":110,"column":12},"end":{"line":110,"column":48},"skip":true},"29":{"start":{"line":113,"column":8},"end":{"line":126,"column":10},"skip":true},"30":{"start":{"line":120,"column":12},"end":{"line":120,"column":76},"skip":true},"31":{"start":{"line":121,"column":12},"end":{"line":121,"column":73},"skip":true},"32":{"start":{"line":122,"column":12},"end":{"line":122,"column":74},"skip":true},"33":{"start":{"line":123,"column":12},"end":{"line":123,"column":79},"skip":true},"34":{"start":{"line":124,"column":12},"end":{"line":124,"column":25},"skip":true},"35":{"start":{"line":125,"column":12},"end":{"line":125,"column":45},"skip":true},"36":{"start":{"line":128,"column":8},"end":{"line":135,"column":14},"skip":true},"37":{"start":{"line":133,"column":16},"end":{"line":133,"column":29},"skip":true},"38":{"start":{"line":134,"column":16},"end":{"line":134,"column":55},"skip":true},"39":{"start":{"line":137,"column":8},"end":{"line":146,"column":10},"skip":true},"40":{"start":{"line":144,"column":12},"end":{"line":144,"column":25},"skip":true},"41":{"start":{"line":145,"column":12},"end":{"line":145,"column":45},"skip":true},"42":{"start":{"line":148,"column":8},"end":{"line":157,"column":10},"skip":true},"43":{"start":{"line":155,"column":12},"end":{"line":155,"column":25},"skip":true},"44":{"start":{"line":156,"column":12},"end":{"line":156,"column":48},"skip":true},"45":{"start":{"line":159,"column":8},"end":{"line":168,"column":10},"skip":true},"46":{"start":{"line":166,"column":12},"end":{"line":166,"column":25},"skip":true},"47":{"start":{"line":167,"column":12},"end":{"line":167,"column":46},"skip":true},"48":{"start":{"line":170,"column":8},"end":{"line":179,"column":10},"skip":true},"49":{"start":{"line":177,"column":12},"end":{"line":177,"column":94},"skip":true},"50":{"start":{"line":178,"column":12},"end":{"line":178,"column":48},"skip":true},"51":{"start":{"line":182,"column":8},"end":{"line":182,"column":35},"skip":true},"52":{"start":{"line":183,"column":8},"end":{"line":183,"column":14},"skip":true}},"branchMap":{"1":{"line":25,"type":"binary-expr","locations":[{"start":{"line":25,"column":23},"end":{"line":25,"column":62}},{"start":{"line":26,"column":20},"end":{"line":26,"column":70}},{"start":{"line":27,"column":20},"end":{"line":27,"column":71}},{"start":{"line":28,"column":20},"end":{"line":28,"column":29}}]},"2":{"line":30,"type":"binary-expr","locations":[{"start":{"line":30,"column":23},"end":{"line":30,"column":37}},{"start":{"line":31,"column":20},"end":{"line":31,"column":61}},{"start":{"line":32,"column":20},"end":{"line":32,"column":70}},{"start":{"line":33,"column":20},"end":{"line":33,"column":26}}]},"3":{"line":37,"type":"cond-expr","locations":[{"start":{"line":38,"column":14},"end":{"line":38,"column":20}},{"start":{"line":39,"column":14},"end":{"line":39,"column":20}}]},"4":{"line":40,"type":"switch","locations":[{"start":{"line":42,"column":8},"end":{"line":47,"column":18}},{"start":{"line":49,"column":8},"end":{"line":52,"column":18}}]},"5":{"line":44,"type":"binary-expr","locations":[{"start":{"line":44,"column":16},"end":{"line":44,"column":44}},{"start":{"line":44,"column":48},"end":{"line":44,"column":66}}]},"6":{"line":50,"type":"binary-expr","locations":[{"start":{"line":50,"column":21},"end":{"line":50,"column":49}},{"start":{"line":50,"column":53},"end":{"line":50,"column":72}}]},"7":{"line":64,"type":"switch","locations":[{"start":{"line":69,"column":4},"end":{"line":70,"column":14}},{"start":{"line":75,"column":4},"end":{"line":76,"column":14}}]},"8":{"line":85,"type":"switch","locations":[{"start":{"line":90,"column":4},"end":{"line":95,"column":14}},{"start":{"line":101,"column":4},"end":{"line":183,"column":14},"skip":true}]},"9":{"line":92,"type":"binary-expr","locations":[{"start":{"line":92,"column":18},"end":{"line":92,"column":32}},{"start":{"line":93,"column":12},"end":{"line":93,"column":53}},{"start":{"line":94,"column":12},"end":{"line":94,"column":61}}]},"10":{"line":102,"type":"binary-expr","locations":[{"start":{"line":102,"column":45},"end":{"line":102,"column":79},"skip":true},{"start":{"line":102,"column":83},"end":{"line":111,"column":9},"skip":true}]},"11":{"line":113,"type":"binary-expr","locations":[{"start":{"line":113,"column":42},"end":{"line":113,"column":73},"skip":true},{"start":{"line":113,"column":77},"end":{"line":126,"column":9},"skip":true}]},"12":{"line":128,"type":"binary-expr","locations":[{"start":{"line":128,"column":48},"end":{"line":128,"column":85},"skip":true},{"start":{"line":129,"column":12},"end":{"line":135,"column":13},"skip":true}]},"13":{"line":137,"type":"binary-expr","locations":[{"start":{"line":137,"column":42},"end":{"line":137,"column":73},"skip":true},{"start":{"line":137,"column":77},"end":{"line":146,"column":9},"skip":true}]},"14":{"line":148,"type":"binary-expr","locations":[{"start":{"line":148,"column":45},"end":{"line":148,"column":79},"skip":true},{"start":{"line":148,"column":83},"end":{"line":157,"column":9},"skip":true}]},"15":{"line":159,"type":"binary-expr","locations":[{"start":{"line":159,"column":43},"end":{"line":159,"column":75},"skip":true},{"start":{"line":159,"column":79},"end":{"line":168,"column":9},"skip":true}]},"16":{"line":170,"type":"binary-expr","locations":[{"start":{"line":170,"column":41},"end":{"line":170,"column":71},"skip":true},{"start":{"line":170,"column":75},"end":{"line":179,"column":9},"skip":true}]}},"code":["/* istanbul instrument in package npmtest_native_promise_only */","/*jslint","    bitwise: true,","    browser: true,","    maxerr: 8,","    maxlen: 96,","    node: true,","    nomen: true,","    regexp: true,","    stupid: true","*/","(function () {","    'use strict';","    var local;","","","","    // run shared js-env code - pre-init","    (function () {","        // init local","        local = {};","        // init modeJs","        local.modeJs = (function () {","            try {","                return typeof navigator.userAgent === 'string' &&","                    typeof document.querySelector('body') === 'object' &&","                    typeof XMLHttpRequest.prototype.open === 'function' &&","                    'browser';","            } catch (errorCaughtBrowser) {","                return module.exports &&","                    typeof process.versions.node === 'string' &&","                    typeof require('http').createServer === 'function' &&","                    'node';","            }","        }());","        // init global","        local.global = local.modeJs === 'browser'","            ? window","            : global;","        switch (local.modeJs) {","        // re-init local from window.local","        case 'browser':","            local = local.global.utility2.objectSetDefault(","                local.global.utility2_rollup || local.global.local,","                local.global.utility2","            );","            break;","        // re-init local from example.js","        case 'node':","            local = (local.global.utility2_rollup || require('utility2'))","                .requireExampleJsFromReadme();","            break;","        }","        // export local","        local.global.local = local;","    }());","","","","    // run shared js-env code - function","    (function () {","        return;","    }());","    switch (local.modeJs) {","","","","    // run browser js-env code - function","    case 'browser':","        break;","","","","    // run node js-env code - function","    case 'node':","        break;","    }","","","","    // run shared js-env code - post-init","    (function () {","        return;","    }());","    switch (local.modeJs) {","","","","    // run browser js-env code - post-init","    case 'browser':","        // run tests","        local.nop(local.modeTest &&","            document.querySelector('#testRunButton1') &&","            document.querySelector('#testRunButton1').click());","        break;","","","","    // run node js-env code - post-init","    /* istanbul ignore next */","    case 'node':","        local.testCase_buildApidoc_default = local.testCase_buildApidoc_default || function (","            options,","            onError","        ) {","        /*","         * this function will test buildApidoc's default handling-behavior-behavior","         */","            options = { modulePathList: module.paths };","            local.buildApidoc(options, onError);","        };","","        local.testCase_buildApp_default = local.testCase_buildApp_default || function (","            options,","            onError","        ) {","        /*","         * this function will test buildApp's default handling-behavior-behavior","         */","            local.testCase_buildReadme_default(options, local.onErrorThrow);","            local.testCase_buildLib_default(options, local.onErrorThrow);","            local.testCase_buildTest_default(options, local.onErrorThrow);","            local.testCase_buildCustomOrg_default(options, local.onErrorThrow);","            options = [];","            local.buildApp(options, onError);","        };","","        local.testCase_buildCustomOrg_default = local.testCase_buildCustomOrg_default ||","            function (options, onError) {","            /*","             * this function will test buildCustomOrg's default handling-behavior","             */","                options = {};","                local.buildCustomOrg(options, onError);","            };","","        local.testCase_buildLib_default = local.testCase_buildLib_default || function (","            options,","            onError","        ) {","        /*","         * this function will test buildLib's default handling-behavior","         */","            options = {};","            local.buildLib(options, onError);","        };","","        local.testCase_buildReadme_default = local.testCase_buildReadme_default || function (","            options,","            onError","        ) {","        /*","         * this function will test buildReadme's default handling-behavior-behavior","         */","            options = {};","            local.buildReadme(options, onError);","        };","","        local.testCase_buildTest_default = local.testCase_buildTest_default || function (","            options,","            onError","        ) {","        /*","         * this function will test buildTest's default handling-behavior","         */","            options = {};","            local.buildTest(options, onError);","        };","","        local.testCase_webpage_default = local.testCase_webpage_default || function (","            options,","            onError","        ) {","        /*","         * this function will test webpage's default handling-behavior","         */","            options = { modeCoverageMerge: true, url: local.serverLocalHost + '?modeTest=1' };","            local.browserTest(options, onError);","        };","","        // run test-server","        local.testRunServer(local);","        break;","    }","}());",""],"l":{"12":2,"14":2,"19":2,"21":2,"23":2,"24":2,"25":2,"30":1,"37":2,"40":2,"43":1,"47":1,"50":1,"52":1,"55":2,"61":2,"62":2,"64":2,"70":1,"76":1,"82":2,"83":2,"85":2,"92":1,"95":1,"102":1,"109":1,"110":1,"113":1,"120":1,"121":1,"122":1,"123":1,"124":1,"125":1,"128":1,"133":2,"134":2,"137":1,"144":2,"145":2,"148":1,"155":2,"156":2,"159":1,"166":2,"167":2,"170":1,"177":1,"178":1,"182":1,"183":1}},"/home/travis/build/npmtest/node-npmtest-native-promise-only/lib.npmtest_native_promise_only.js":{"path":"/home/travis/build/npmtest/node-npmtest-native-promise-only/lib.npmtest_native_promise_only.js","s":{"1":2,"2":2,"3":2,"4":2,"5":2,"6":2,"7":2,"8":1,"9":2,"10":2,"11":2,"12":2,"13":1,"14":1,"15":1,"16":1},"b":{"1":[2,1,1,1],"2":[1,1,1,1],"3":[1,1],"4":[2,2],"5":[1,1]},"f":{"1":2,"2":2,"3":2},"fnMap":{"1":{"name":"(anonymous_1)","line":12,"loc":{"start":{"line":12,"column":1},"end":{"line":12,"column":13}}},"2":{"name":"(anonymous_2)","line":19,"loc":{"start":{"line":19,"column":5},"end":{"line":19,"column":17}}},"3":{"name":"(anonymous_3)","line":23,"loc":{"start":{"line":23,"column":24},"end":{"line":23,"column":36}}}},"statementMap":{"1":{"start":{"line":12,"column":0},"end":{"line":53,"column":5}},"2":{"start":{"line":14,"column":4},"end":{"line":14,"column":14}},"3":{"start":{"line":19,"column":4},"end":{"line":52,"column":9}},"4":{"start":{"line":21,"column":8},"end":{"line":21,"column":19}},"5":{"start":{"line":23,"column":8},"end":{"line":35,"column":13}},"6":{"start":{"line":24,"column":12},"end":{"line":34,"column":13}},"7":{"start":{"line":25,"column":16},"end":{"line":28,"column":30}},"8":{"start":{"line":30,"column":16},"end":{"line":33,"column":27}},"9":{"start":{"line":37,"column":8},"end":{"line":39,"column":21}},"10":{"start":{"line":41,"column":8},"end":{"line":41,"column":54}},"11":{"start":{"line":43,"column":8},"end":{"line":43,"column":64}},"12":{"start":{"line":45,"column":8},"end":{"line":51,"column":9}},"13":{"start":{"line":46,"column":12},"end":{"line":46,"column":70}},"14":{"start":{"line":48,"column":12},"end":{"line":48,"column":35}},"15":{"start":{"line":49,"column":12},"end":{"line":49,"column":49}},"16":{"start":{"line":50,"column":12},"end":{"line":50,"column":43}}},"branchMap":{"1":{"line":25,"type":"binary-expr","locations":[{"start":{"line":25,"column":23},"end":{"line":25,"column":62}},{"start":{"line":26,"column":20},"end":{"line":26,"column":70}},{"start":{"line":27,"column":20},"end":{"line":27,"column":71}},{"start":{"line":28,"column":20},"end":{"line":28,"column":29}}]},"2":{"line":30,"type":"binary-expr","locations":[{"start":{"line":30,"column":23},"end":{"line":30,"column":37}},{"start":{"line":31,"column":20},"end":{"line":31,"column":61}},{"start":{"line":32,"column":20},"end":{"line":32,"column":70}},{"start":{"line":33,"column":20},"end":{"line":33,"column":26}}]},"3":{"line":37,"type":"cond-expr","locations":[{"start":{"line":38,"column":14},"end":{"line":38,"column":20}},{"start":{"line":39,"column":14},"end":{"line":39,"column":20}}]},"4":{"line":41,"type":"binary-expr","locations":[{"start":{"line":41,"column":16},"end":{"line":41,"column":44}},{"start":{"line":41,"column":48},"end":{"line":41,"column":53}}]},"5":{"line":45,"type":"if","locations":[{"start":{"line":45,"column":8},"end":{"line":45,"column":8}},{"start":{"line":45,"column":8},"end":{"line":45,"column":8}}]}},"code":["/* istanbul instrument in package npmtest_native_promise_only */","/*jslint","    bitwise: true,","    browser: true,","    maxerr: 8,","    maxlen: 96,","    node: true,","    nomen: true,","    regexp: true,","    stupid: true","*/","(function () {","    'use strict';","    var local;","","","","    // run shared js-env code - pre-init","    (function () {","        // init local","        local = {};","        // init modeJs","        local.modeJs = (function () {","            try {","                return typeof navigator.userAgent === 'string' &&","                    typeof document.querySelector('body') === 'object' &&","                    typeof XMLHttpRequest.prototype.open === 'function' &&","                    'browser';","            } catch (errorCaughtBrowser) {","                return module.exports &&","                    typeof process.versions.node === 'string' &&","                    typeof require('http').createServer === 'function' &&","                    'node';","            }","        }());","        // init global","        local.global = local.modeJs === 'browser'","            ? window","            : global;","        // init utility2_rollup","        local = local.global.utility2_rollup || local;","        // init lib","        local.local = local.npmtest_native_promise_only = local;","        // init exports","        if (local.modeJs === 'browser') {","            local.global.utility2_npmtest_native_promise_only = local;","        } else {","            module.exports = local;","            module.exports.__dirname = __dirname;","            module.exports.module = module;","        }","    }());","}());",""],"l":{"12":2,"14":2,"19":2,"21":2,"23":2,"24":2,"25":2,"30":1,"37":2,"41":2,"43":2,"45":2,"46":1,"48":1,"49":1,"50":1}},"/home/travis/build/npmtest/node-npmtest-native-promise-only/example.js":{"path":"/home/travis/build/npmtest/node-npmtest-native-promise-only/example.js","s":{"1":2,"2":2,"3":2,"4":2,"5":2,"6":2,"7":2,"8":1,"9":2,"10":2,"11":2,"12":2,"13":1,"14":2,"15":2,"16":2,"17":2,"18":2,"19":0,"20":2,"21":1,"22":1,"23":1,"24":1,"25":1,"26":0,"27":0,"28":1,"29":1,"30":2,"31":0,"32":0,"33":0,"34":1,"35":2,"36":2,"37":2,"38":2,"39":2,"40":2,"41":0,"42":2,"43":2,"44":2,"45":1,"46":3,"47":1,"48":1,"49":1,"50":1,"51":1,"52":1,"53":1,"54":1,"55":1,"56":1,"57":0,"58":1,"59":6,"60":6,"61":1,"62":2,"63":0,"64":2,"65":1,"66":1,"67":0,"68":0,"69":0,"70":0,"71":0,"72":0,"73":0,"74":0,"75":0,"76":0,"77":0,"78":0,"79":0,"80":0,"81":0,"82":0,"83":0},"b":{"1":[2,1,1,1],"2":[1,1,1,1],"3":[1,1],"4":[2,2],"5":[1,1],"6":[1,1],"7":[2,0],"8":[2,1,1,1,1,1],"9":[0,2,0],"10":[1,1],"11":[2,1,1],"12":[1,0],"13":[0,2],"14":[2,0,0,0,0,0,0],"15":[0,2],"16":[2,0],"17":[1,1],"18":[0,1],"19":[1,2,0,2],"20":[1,0],"21":[1,1],"22":[0,0],"23":[0,0],"24":[0,0],"25":[0,0],"26":[0,0],"27":[0,0],"28":[0,0]},"f":{"1":2,"2":2,"3":2,"4":2,"5":2,"6":2,"7":2,"8":2,"9":3,"10":1,"11":6,"12":0},"fnMap":{"1":{"name":"(anonymous_1)","line":26,"loc":{"start":{"line":26,"column":1},"end":{"line":26,"column":13}}},"2":{"name":"(anonymous_2)","line":33,"loc":{"start":{"line":33,"column":5},"end":{"line":33,"column":17}}},"3":{"name":"(anonymous_3)","line":37,"loc":{"start":{"line":37,"column":24},"end":{"line":37,"column":36}}},"4":{"name":"(anonymous_4)","line":69,"loc":{"start":{"line":69,"column":31},"end":{"line":69,"column":48}},"skip":true},"5":{"name":"(anonymous_5)","line":78,"loc":{"start":{"line":78,"column":26},"end":{"line":78,"column":45}},"skip":true},"6":{"name":"(anonymous_6)","line":123,"loc":{"start":{"line":123,"column":33},"end":{"line":123,"column":48}},"skip":true},"7":{"name":"(anonymous_7)","line":125,"loc":{"start":{"line":125,"column":27},"end":{"line":125,"column":39}},"skip":true},"8":{"name":"(anonymous_8)","line":133,"loc":{"start":{"line":133,"column":59},"end":{"line":133,"column":74}},"skip":true},"9":{"name":"(anonymous_9)","line":143,"loc":{"start":{"line":143,"column":45},"end":{"line":143,"column":62}},"skip":true},"10":{"name":"(anonymous_10)","line":144,"loc":{"start":{"line":144,"column":73},"end":{"line":144,"column":92}},"skip":true},"11":{"name":"(anonymous_11)","line":272,"loc":{"start":{"line":272,"column":51},"end":{"line":272,"column":77}},"skip":true},"12":{"name":"(anonymous_12)","line":314,"loc":{"start":{"line":314,"column":32},"end":{"line":314,"column":61}},"skip":true}},"statementMap":{"1":{"start":{"line":26,"column":0},"end":{"line":325,"column":5}},"2":{"start":{"line":28,"column":4},"end":{"line":28,"column":14}},"3":{"start":{"line":33,"column":4},"end":{"line":60,"column":9}},"4":{"start":{"line":35,"column":8},"end":{"line":35,"column":19}},"5":{"start":{"line":37,"column":8},"end":{"line":49,"column":13}},"6":{"start":{"line":38,"column":12},"end":{"line":48,"column":13}},"7":{"start":{"line":39,"column":16},"end":{"line":42,"column":30}},"8":{"start":{"line":44,"column":16},"end":{"line":47,"column":27}},"9":{"start":{"line":51,"column":8},"end":{"line":53,"column":21}},"10":{"start":{"line":55,"column":8},"end":{"line":57,"column":45}},"11":{"start":{"line":59,"column":8},"end":{"line":59,"column":35}},"12":{"start":{"line":61,"column":4},"end":{"line":324,"column":5}},"13":{"start":{"line":69,"column":8},"end":{"line":121,"column":10},"skip":true},"14":{"start":{"line":70,"column":12},"end":{"line":88,"column":13},"skip":true},"15":{"start":{"line":76,"column":16},"end":{"line":87,"column":19},"skip":true},"16":{"start":{"line":79,"column":20},"end":{"line":86,"column":21},"skip":true},"17":{"start":{"line":82,"column":24},"end":{"line":82,"column":43},"skip":true},"18":{"start":{"line":83,"column":24},"end":{"line":83,"column":30},"skip":true},"19":{"start":{"line":85,"column":24},"end":{"line":85,"column":49},"skip":true},"20":{"start":{"line":89,"column":12},"end":{"line":107,"column":13},"skip":true},"21":{"start":{"line":92,"column":16},"end":{"line":102,"column":17},"skip":true},"22":{"start":{"line":93,"column":20},"end":{"line":93,"column":86},"skip":true},"23":{"start":{"line":94,"column":20},"end":{"line":95,"column":45},"skip":true},"24":{"start":{"line":96,"column":20},"end":{"line":96,"column":42},"skip":true},"25":{"start":{"line":97,"column":20},"end":{"line":97,"column":48},"skip":true},"26":{"start":{"line":100,"column":20},"end":{"line":100,"column":85},"skip":true},"27":{"start":{"line":101,"column":20},"end":{"line":101,"column":96},"skip":true},"28":{"start":{"line":103,"column":16},"end":{"line":103,"column":22},"skip":true},"29":{"start":{"line":106,"column":16},"end":{"line":106,"column":22},"skip":true},"30":{"start":{"line":108,"column":12},"end":{"line":120,"column":13},"skip":true},"31":{"start":{"line":114,"column":16},"end":{"line":119,"column":17},"skip":true},"32":{"start":{"line":116,"column":20},"end":{"line":116,"column":78},"skip":true},"33":{"start":{"line":118,"column":20},"end":{"line":118,"column":47},"skip":true},"34":{"start":{"line":123,"column":8},"end":{"line":141,"column":11},"skip":true},"35":{"start":{"line":124,"column":12},"end":{"line":124,"column":54},"skip":true},"36":{"start":{"line":125,"column":12},"end":{"line":140,"column":14},"skip":true},"37":{"start":{"line":126,"column":16},"end":{"line":126,"column":28},"skip":true},"38":{"start":{"line":127,"column":16},"end":{"line":127,"column":69},"skip":true},"39":{"start":{"line":128,"column":16},"end":{"line":128,"column":75},"skip":true},"40":{"start":{"line":129,"column":16},"end":{"line":131,"column":17},"skip":true},"41":{"start":{"line":130,"column":20},"end":{"line":130,"column":27},"skip":true},"42":{"start":{"line":133,"column":16},"end":{"line":137,"column":36},"skip":true},"43":{"start":{"line":134,"column":20},"end":{"line":136,"column":55},"skip":true},"44":{"start":{"line":139,"column":16},"end":{"line":139,"column":57},"skip":true},"45":{"start":{"line":143,"column":8},"end":{"line":147,"column":11},"skip":true},"46":{"start":{"line":144,"column":12},"end":{"line":146,"column":15},"skip":true},"47":{"start":{"line":145,"column":16},"end":{"line":145,"column":70},"skip":true},"48":{"start":{"line":149,"column":8},"end":{"line":149,"column":31},"skip":true},"49":{"start":{"line":150,"column":8},"end":{"line":150,"column":14},"skip":true},"50":{"start":{"line":158,"column":8},"end":{"line":158,"column":31},"skip":true},"51":{"start":{"line":160,"column":8},"end":{"line":160,"column":33},"skip":true},"52":{"start":{"line":161,"column":8},"end":{"line":161,"column":37},"skip":true},"53":{"start":{"line":162,"column":8},"end":{"line":162,"column":35},"skip":true},"54":{"start":{"line":164,"column":8},"end":{"line":164,"column":50},"skip":true},"55":{"start":{"line":166,"column":8},"end":{"line":256,"column":2},"skip":true},"56":{"start":{"line":258,"column":8},"end":{"line":286,"column":9},"skip":true},"57":{"start":{"line":259,"column":12},"end":{"line":269,"column":14},"skip":true},"58":{"start":{"line":271,"column":12},"end":{"line":285,"column":19},"skip":true},"59":{"start":{"line":274,"column":20},"end":{"line":274,"column":35},"skip":true},"60":{"start":{"line":275,"column":20},"end":{"line":284,"column":21},"skip":true},"61":{"start":{"line":277,"column":24},"end":{"line":277,"column":64},"skip":true},"62":{"start":{"line":279,"column":24},"end":{"line":279,"column":40},"skip":true},"63":{"start":{"line":281,"column":24},"end":{"line":281,"column":40},"skip":true},"64":{"start":{"line":283,"column":24},"end":{"line":283,"column":39},"skip":true},"65":{"start":{"line":288,"column":8},"end":{"line":290,"column":9},"skip":true},"66":{"start":{"line":289,"column":12},"end":{"line":289,"column":18},"skip":true},"67":{"start":{"line":291,"column":8},"end":{"line":293,"column":54},"skip":true},"68":{"start":{"line":294,"column":8},"end":{"line":301,"column":37},"skip":true},"69":{"start":{"line":302,"column":8},"end":{"line":302,"column":82},"skip":true},"70":{"start":{"line":305,"column":8},"end":{"line":307,"column":9},"skip":true},"71":{"start":{"line":306,"column":12},"end":{"line":306,"column":82},"skip":true},"72":{"start":{"line":309,"column":8},"end":{"line":311,"column":9},"skip":true},"73":{"start":{"line":310,"column":12},"end":{"line":310,"column":18},"skip":true},"74":{"start":{"line":312,"column":8},"end":{"line":312,"column":54},"skip":true},"75":{"start":{"line":313,"column":8},"end":{"line":313,"column":69},"skip":true},"76":{"start":{"line":314,"column":8},"end":{"line":322,"column":36},"skip":true},"77":{"start":{"line":315,"column":12},"end":{"line":315,"column":61},"skip":true},"78":{"start":{"line":316,"column":12},"end":{"line":319,"column":13},"skip":true},"79":{"start":{"line":317,"column":16},"end":{"line":317,"column":75},"skip":true},"80":{"start":{"line":318,"column":16},"end":{"line":318,"column":23},"skip":true},"81":{"start":{"line":320,"column":12},"end":{"line":320,"column":38},"skip":true},"82":{"start":{"line":321,"column":12},"end":{"line":321,"column":27},"skip":true},"83":{"start":{"line":323,"column":8},"end":{"line":323,"column":14},"skip":true}},"branchMap":{"1":{"line":39,"type":"binary-expr","locations":[{"start":{"line":39,"column":23},"end":{"line":39,"column":62}},{"start":{"line":40,"column":20},"end":{"line":40,"column":70}},{"start":{"line":41,"column":20},"end":{"line":41,"column":71}},{"start":{"line":42,"column":20},"end":{"line":42,"column":29}}]},"2":{"line":44,"type":"binary-expr","locations":[{"start":{"line":44,"column":23},"end":{"line":44,"column":37}},{"start":{"line":45,"column":20},"end":{"line":45,"column":61}},{"start":{"line":46,"column":20},"end":{"line":46,"column":70}},{"start":{"line":47,"column":20},"end":{"line":47,"column":26}}]},"3":{"line":51,"type":"cond-expr","locations":[{"start":{"line":52,"column":14},"end":{"line":52,"column":20}},{"start":{"line":53,"column":14},"end":{"line":53,"column":20}}]},"4":{"line":55,"type":"binary-expr","locations":[{"start":{"line":55,"column":16},"end":{"line":55,"column":44}},{"start":{"line":55,"column":49},"end":{"line":57,"column":43}}]},"5":{"line":55,"type":"cond-expr","locations":[{"start":{"line":56,"column":14},"end":{"line":56,"column":63}},{"start":{"line":57,"column":14},"end":{"line":57,"column":43}}]},"6":{"line":61,"type":"switch","locations":[{"start":{"line":68,"column":4},"end":{"line":150,"column":14},"skip":true},{"start":{"line":156,"column":4},"end":{"line":323,"column":14},"skip":true}]},"7":{"line":70,"type":"if","locations":[{"start":{"line":70,"column":12},"end":{"line":70,"column":12},"skip":true},{"start":{"line":70,"column":12},"end":{"line":70,"column":12},"skip":true}]},"8":{"line":70,"type":"binary-expr","locations":[{"start":{"line":70,"column":16},"end":{"line":70,"column":22},"skip":true},{"start":{"line":70,"column":27},"end":{"line":70,"column":32},"skip":true},{"start":{"line":71,"column":20},"end":{"line":71,"column":39},"skip":true},{"start":{"line":72,"column":20},"end":{"line":72,"column":49},"skip":true},{"start":{"line":73,"column":20},"end":{"line":73,"column":58},"skip":true},{"start":{"line":74,"column":20},"end":{"line":74,"column":69},"skip":true}]},"9":{"line":79,"type":"switch","locations":[{"start":{"line":80,"column":20},"end":{"line":80,"column":33},"skip":true},{"start":{"line":81,"column":20},"end":{"line":83,"column":30},"skip":true},{"start":{"line":84,"column":20},"end":{"line":85,"column":49},"skip":true}]},"10":{"line":89,"type":"switch","locations":[{"start":{"line":90,"column":12},"end":{"line":103,"column":22},"skip":true},{"start":{"line":105,"column":12},"end":{"line":106,"column":22},"skip":true}]},"11":{"line":89,"type":"binary-expr","locations":[{"start":{"line":89,"column":20},"end":{"line":89,"column":25},"skip":true},{"start":{"line":89,"column":29},"end":{"line":89,"column":48},"skip":true},{"start":{"line":89,"column":52},"end":{"line":89,"column":74},"skip":true}]},"12":{"line":92,"type":"if","locations":[{"start":{"line":92,"column":16},"end":{"line":92,"column":16},"skip":true},{"start":{"line":92,"column":16},"end":{"line":92,"column":16},"skip":true}]},"13":{"line":108,"type":"if","locations":[{"start":{"line":108,"column":12},"end":{"line":108,"column":12},"skip":true},{"start":{"line":108,"column":12},"end":{"line":108,"column":12},"skip":true}]},"14":{"line":108,"type":"binary-expr","locations":[{"start":{"line":108,"column":16},"end":{"line":108,"column":61},"skip":true},{"start":{"line":108,"column":66},"end":{"line":108,"column":72},"skip":true},{"start":{"line":108,"column":77},"end":{"line":108,"column":82},"skip":true},{"start":{"line":109,"column":20},"end":{"line":109,"column":39},"skip":true},{"start":{"line":110,"column":20},"end":{"line":110,"column":49},"skip":true},{"start":{"line":111,"column":20},"end":{"line":111,"column":58},"skip":true},{"start":{"line":112,"column":20},"end":{"line":112,"column":68},"skip":true}]},"15":{"line":129,"type":"if","locations":[{"start":{"line":129,"column":16},"end":{"line":129,"column":16},"skip":true},{"start":{"line":129,"column":16},"end":{"line":129,"column":16},"skip":true}]},"16":{"line":134,"type":"cond-expr","locations":[{"start":{"line":135,"column":26},"end":{"line":135,"column":29},"skip":true},{"start":{"line":136,"column":26},"end":{"line":136,"column":54},"skip":true}]},"17":{"line":164,"type":"binary-expr","locations":[{"start":{"line":164,"column":27},"end":{"line":164,"column":43},"skip":true},{"start":{"line":164,"column":47},"end":{"line":164,"column":49},"skip":true}]},"18":{"line":258,"type":"if","locations":[{"start":{"line":258,"column":8},"end":{"line":258,"column":8},"skip":true},{"start":{"line":258,"column":8},"end":{"line":258,"column":8},"skip":true}]},"19":{"line":275,"type":"switch","locations":[{"start":{"line":276,"column":20},"end":{"line":277,"column":64},"skip":true},{"start":{"line":278,"column":20},"end":{"line":279,"column":40},"skip":true},{"start":{"line":280,"column":20},"end":{"line":281,"column":40},"skip":true},{"start":{"line":282,"column":20},"end":{"line":283,"column":39},"skip":true}]},"20":{"line":288,"type":"if","locations":[{"start":{"line":288,"column":8},"end":{"line":288,"column":8},"skip":true},{"start":{"line":288,"column":8},"end":{"line":288,"column":8},"skip":true}]},"21":{"line":288,"type":"binary-expr","locations":[{"start":{"line":288,"column":12},"end":{"line":288,"column":40},"skip":true},{"start":{"line":288,"column":44},"end":{"line":288,"column":67},"skip":true}]},"22":{"line":292,"type":"binary-expr","locations":[{"start":{"line":292,"column":12},"end":{"line":292,"column":50},"skip":true},{"start":{"line":293,"column":12},"end":{"line":293,"column":53},"skip":true}]},"23":{"line":295,"type":"binary-expr","locations":[{"start":{"line":295,"column":12},"end":{"line":295,"column":77},"skip":true},{"start":{"line":296,"column":12},"end":{"line":301,"column":36},"skip":true}]},"24":{"line":302,"type":"binary-expr","locations":[{"start":{"line":302,"column":43},"end":{"line":302,"column":75},"skip":true},{"start":{"line":302,"column":79},"end":{"line":302,"column":81},"skip":true}]},"25":{"line":305,"type":"if","locations":[{"start":{"line":305,"column":8},"end":{"line":305,"column":8},"skip":true},{"start":{"line":305,"column":8},"end":{"line":305,"column":8},"skip":true}]},"26":{"line":309,"type":"if","locations":[{"start":{"line":309,"column":8},"end":{"line":309,"column":8},"skip":true},{"start":{"line":309,"column":8},"end":{"line":309,"column":8},"skip":true}]},"27":{"line":312,"type":"binary-expr","locations":[{"start":{"line":312,"column":27},"end":{"line":312,"column":43},"skip":true},{"start":{"line":312,"column":47},"end":{"line":312,"column":53},"skip":true}]},"28":{"line":316,"type":"if","locations":[{"start":{"line":316,"column":12},"end":{"line":316,"column":12},"skip":true},{"start":{"line":316,"column":12},"end":{"line":316,"column":12},"skip":true}]}},"code":["/*","example.js","","quickstart example","","instruction","    1. save this script as example.js","    2. run the shell command:","        $ npm install npmtest-native-promise-only && PORT=8081 node example.js","    3. play with the browser-demo on http://127.0.0.1:8081","*/","","","","/* istanbul instrument in package npmtest_native_promise_only */","/*jslint","    bitwise: true,","    browser: true,","    maxerr: 8,","    maxlen: 96,","    node: true,","    nomen: true,","    regexp: true,","    stupid: true","*/","(function () {","    'use strict';","    var local;","","","","    // run shared js-env code - pre-init","    (function () {","        // init local","        local = {};","        // init modeJs","        local.modeJs = (function () {","            try {","                return typeof navigator.userAgent === 'string' &&","                    typeof document.querySelector('body') === 'object' &&","                    typeof XMLHttpRequest.prototype.open === 'function' &&","                    'browser';","            } catch (errorCaughtBrowser) {","                return module.exports &&","                    typeof process.versions.node === 'string' &&","                    typeof require('http').createServer === 'function' &&","                    'node';","            }","        }());","        // init global","        local.global = local.modeJs === 'browser'","            ? window","            : global;","        // init utility2_rollup","        local = local.global.utility2_rollup || (local.modeJs === 'browser'","            ? local.global.utility2_npmtest_native_promise_only","            : global.utility2_moduleExports);","        // export local","        local.global.local = local;","    }());","    switch (local.modeJs) {","","","","    // post-init","    // run browser js-env code - post-init","    /* istanbul ignore next */","    case 'browser':","        local.testRunBrowser = function (event) {","            if (!event || (event &&","                    event.currentTarget &&","                    event.currentTarget.className &&","                    event.currentTarget.className.includes &&","                    event.currentTarget.className.includes('onreset'))) {","                // reset output","                Array.from(","                    document.querySelectorAll('body > .resettable')","                ).forEach(function (element) {","                    switch (element.tagName) {","                    case 'INPUT':","                    case 'TEXTAREA':","                        element.value = '';","                        break;","                    default:","                        element.textContent = '';","                    }","                });","            }","            switch (event && event.currentTarget && event.currentTarget.id) {","            case 'testRunButton1':","                // show tests","                if (document.querySelector('#testReportDiv1').style.display === 'none') {","                    document.querySelector('#testReportDiv1').style.display = 'block';","                    document.querySelector('#testRunButton1').textContent =","                        'hide internal test';","                    local.modeTest = true;","                    local.testRunDefault(local);","                // hide tests","                } else {","                    document.querySelector('#testReportDiv1').style.display = 'none';","                    document.querySelector('#testRunButton1').textContent = 'run internal test';","                }","                break;","            // custom-case","            default:","                break;","            }","            if (document.querySelector('#inputTextareaEval1') && (!event || (event &&","                    event.currentTarget &&","                    event.currentTarget.className &&","                    event.currentTarget.className.includes &&","                    event.currentTarget.className.includes('oneval')))) {","                // try to eval input-code","                try {","                    /*jslint evil: true*/","                    eval(document.querySelector('#inputTextareaEval1').value);","                } catch (errorCaught) {","                    console.error(errorCaught);","                }","            }","        };","        // log stderr and stdout to #outputTextareaStdout1","        ['error', 'log'].forEach(function (key) {","            console[key + '_original'] = console[key];","            console[key] = function () {","                var element;","                console[key + '_original'].apply(console, arguments);","                element = document.querySelector('#outputTextareaStdout1');","                if (!element) {","                    return;","                }","                // append text to #outputTextareaStdout1","                element.value += Array.from(arguments).map(function (arg) {","                    return typeof arg === 'string'","                        ? arg","                        : JSON.stringify(arg, null, 4);","                }).join(' ') + '\\n';","                // scroll textarea to bottom","                element.scrollTop = element.scrollHeight;","            };","        });","        // init event-handling","        ['change', 'click', 'keyup'].forEach(function (event) {","            Array.from(document.querySelectorAll('.on' + event)).forEach(function (element) {","                element.addEventListener(event, local.testRunBrowser);","            });","        });","        // run tests","        local.testRunBrowser();","        break;","","","","    // run node js-env code - post-init","    /* istanbul ignore next */","    case 'node':","        // export local","        module.exports = local;","        // require modules","        local.fs = require('fs');","        local.http = require('http');","        local.url = require('url');","        // init assets","        local.assetsDict = local.assetsDict || {};","        /* jslint-ignore-begin */","        local.assetsDict['/assets.index.template.html'] = '\\","<!doctype html>\\n\\","<html lang=\"en\">\\n\\","<head>\\n\\","<meta charset=\"UTF-8\">\\n\\","<meta name=\"viewport\" content=\"width=device-width, initial-scale=1\">\\n\\","<title>{{env.npm_package_name}} (v{{env.npm_package_version}})</title>\\n\\","<style>\\n\\","/*csslint\\n\\","    box-sizing: false,\\n\\","    universal-selector: false\\n\\","*/\\n\\","* {\\n\\","    box-sizing: border-box;\\n\\","}\\n\\","body {\\n\\","    background: #dde;\\n\\","    font-family: Arial, Helvetica, sans-serif;\\n\\","    margin: 2rem;\\n\\","}\\n\\","body > * {\\n\\","    margin-bottom: 1rem;\\n\\","}\\n\\",".utility2FooterDiv {\\n\\","    margin-top: 20px;\\n\\","    text-align: center;\\n\\","}\\n\\","</style>\\n\\","<style>\\n\\","/*csslint\\n\\","*/\\n\\","textarea {\\n\\","    font-family: monospace;\\n\\","    height: 10rem;\\n\\","    width: 100%;\\n\\","}\\n\\","textarea[readonly] {\\n\\","    background: #ddd;\\n\\","}\\n\\","</style>\\n\\","</head>\\n\\","<body>\\n\\","<!-- utility2-comment\\n\\","<div id=\"ajaxProgressDiv1\" style=\"background: #d00; height: 2px; left: 0; margin: 0; padding: 0; position: fixed; top: 0; transition: background 0.5s, width 1.5s; width: 25%;\"></div>\\n\\","utility2-comment -->\\n\\","<h1>\\n\\","<!-- utility2-comment\\n\\","    <a\\n\\","        {{#if env.npm_package_homepage}}\\n\\","        href=\"{{env.npm_package_homepage}}\"\\n\\","        {{/if env.npm_package_homepage}}\\n\\","        target=\"_blank\"\\n\\","    >\\n\\","utility2-comment -->\\n\\","        {{env.npm_package_name}} (v{{env.npm_package_version}})\\n\\","<!-- utility2-comment\\n\\","    </a>\\n\\","utility2-comment -->\\n\\","</h1>\\n\\","<h3>{{env.npm_package_description}}</h3>\\n\\","<!-- utility2-comment\\n\\","<h4><a download href=\"assets.app.js\">download standalone app</a></h4>\\n\\","<button class=\"onclick onreset\" id=\"testRunButton1\">run internal test</button><br>\\n\\","<div id=\"testReportDiv1\" style=\"display: none;\"></div>\\n\\","utility2-comment -->\\n\\","\\n\\","\\n\\","\\n\\","<label>stderr and stdout</label>\\n\\","<textarea class=\"resettable\" id=\"outputTextareaStdout1\" readonly></textarea>\\n\\","<!-- utility2-comment\\n\\","{{#if isRollup}}\\n\\","<script src=\"assets.app.js\"></script>\\n\\","{{#unless isRollup}}\\n\\","utility2-comment -->\\n\\","<script src=\"assets.utility2.rollup.js\"></script>\\n\\","<script src=\"jsonp.utility2._stateInit?callback=window.utility2._stateInit\"></script>\\n\\","<script src=\"assets.npmtest_native_promise_only.rollup.js\"></script>\\n\\","<script src=\"assets.example.js\"></script>\\n\\","<script src=\"assets.test.js\"></script>\\n\\","<!-- utility2-comment\\n\\","{{/if isRollup}}\\n\\","utility2-comment -->\\n\\","<div class=\"utility2FooterDiv\">\\n\\","    [ this app was created with\\n\\","    <a href=\"https://github.com/kaizhu256/node-utility2\" target=\"_blank\">utility2</a>\\n\\","    ]\\n\\","</div>\\n\\","</body>\\n\\","</html>\\n\\","';","        /* jslint-ignore-end */","        if (local.templateRender) {","            local.assetsDict['/'] = local.templateRender(","                local.assetsDict['/assets.index.template.html'],","                {","                    env: local.objectSetDefault(local.env, {","                        npm_package_description: 'the greatest app in the world!',","                        npm_package_name: 'my-app',","                        npm_package_nameAlias: 'my_app',","                        npm_package_version: '0.0.1'","                    })","                }","            );","        } else {","            local.assetsDict['/'] = local.assetsDict['/assets.index.template.html']","                .replace((/\\{\\{env\\.(\\w+?)\\}\\}/g), function (match0, match1) {","                    // jslint-hack","                    String(match0);","                    switch (match1) {","                    case 'npm_package_description':","                        return 'the greatest app in the world!';","                    case 'npm_package_name':","                        return 'my-app';","                    case 'npm_package_nameAlias':","                        return 'my_app';","                    case 'npm_package_version':","                        return '0.0.1';","                    }","                });","        }","        // run the cli","        if (local.global.utility2_rollup || module !== require.main) {","            break;","        }","        local.assetsDict['/assets.example.js'] =","            local.assetsDict['/assets.example.js'] ||","            local.fs.readFileSync(__filename, 'utf8');","        local.assetsDict['/assets.npmtest_native_promise_only.rollup.js'] =","            local.assetsDict['/assets.npmtest_native_promise_only.rollup.js'] ||","            local.fs.readFileSync(","                // buildCustomOrg-hack","                local.npmtest_native_promise_only.__dirname +","                    '/lib.npmtest_native_promise_only.js',","                'utf8'","            ).replace((/^#!/), '//');","        local.assetsDict['/favicon.ico'] = local.assetsDict['/favicon.ico'] || '';","        // if $npm_config_timeout_exit exists,","        // then exit this process after $npm_config_timeout_exit ms","        if (Number(process.env.npm_config_timeout_exit)) {","            setTimeout(process.exit, Number(process.env.npm_config_timeout_exit));","        }","        // start server","        if (local.global.utility2_serverHttp1) {","            break;","        }","        process.env.PORT = process.env.PORT || '8081';","        console.error('server starting on port ' + process.env.PORT);","        local.http.createServer(function (request, response) {","            request.urlParsed = local.url.parse(request.url);","            if (local.assetsDict[request.urlParsed.pathname] !== undefined) {","                response.end(local.assetsDict[request.urlParsed.pathname]);","                return;","            }","            response.statusCode = 404;","            response.end();","        }).listen(process.env.PORT);","        break;","    }","}());",""],"l":{"26":2,"28":2,"33":2,"35":2,"37":2,"38":2,"39":2,"44":1,"51":2,"55":2,"59":2,"61":2,"69":1,"70":2,"76":2,"79":2,"82":2,"83":2,"85":1,"89":2,"92":1,"93":1,"94":1,"96":1,"97":1,"100":1,"101":1,"103":1,"106":1,"108":2,"114":1,"116":1,"118":1,"123":1,"124":2,"125":2,"126":2,"127":2,"128":2,"129":2,"130":1,"133":2,"134":2,"139":2,"143":1,"144":3,"145":1,"149":1,"150":1,"158":1,"160":1,"161":1,"162":1,"164":1,"166":1,"258":1,"259":1,"271":1,"274":6,"275":6,"277":1,"279":2,"281":1,"283":2,"288":1,"289":1,"291":1,"294":1,"302":1,"305":1,"306":1,"309":1,"310":1,"312":1,"313":1,"314":1,"315":1,"316":1,"317":1,"318":1,"320":1,"321":1,"323":1}},"/home/travis/build/npmtest/node-npmtest-native-promise-only/node_modules/native-promise-only/lib/npo.src.js":{"path":"/home/travis/build/npmtest/node-npmtest-native-promise-only/node_modules/native-promise-only/lib/npo.src.js","s":{"1":1,"2":1,"3":1,"4":1,"5":0,"6":0,"7":0,"8":0,"9":0,"10":0,"11":0,"12":0,"13":0,"14":0,"15":0,"16":0,"17":0,"18":0,"19":1,"20":0,"21":0,"22":0,"23":0,"24":0,"25":0,"26":0,"27":0,"28":0,"29":0,"30":0,"31":0,"32":0,"33":0,"34":0,"35":1,"36":0,"37":0,"38":0,"39":1,"40":0,"41":0,"42":0,"43":0,"44":1,"45":0,"46":0,"47":0,"48":1,"49":0,"50":0,"51":0,"52":0,"53":0,"54":0,"55":0,"56":0,"57":0,"58":0,"59":0,"60":0,"61":0,"62":1,"63":0,"64":0,"65":0,"66":0,"67":0,"68":0,"69":0,"70":0,"71":0,"72":0,"73":0,"74":0,"75":0,"76":0,"77":0,"78":0,"79":0,"80":0,"81":0,"82":0,"83":1,"84":0,"85":0,"86":0,"87":0,"88":0,"89":0,"90":0,"91":0,"92":0,"93":0,"94":1,"95":0,"96":0,"97":0,"98":0,"99":1,"100":0,"101":0,"102":1,"103":0,"104":0,"105":0,"106":0,"107":0,"108":1,"109":0,"110":0,"111":0,"112":0,"113":0,"114":0,"115":0,"116":0,"117":0,"118":0,"119":0,"120":0,"121":0,"122":0,"123":0,"124":0,"125":0,"126":0,"127":0,"128":0,"129":0,"130":0,"131":0,"132":0,"133":0,"134":0,"135":0,"136":0,"137":0,"138":0,"139":0,"140":0,"141":0,"142":0,"143":0,"144":0,"145":0,"146":0,"147":0,"148":0,"149":0,"150":0,"151":0,"152":0,"153":0,"154":0,"155":0,"156":0,"157":0,"158":0,"159":0,"160":0,"161":0,"162":0,"163":0,"164":0,"165":0,"166":0,"167":0,"168":0,"169":0,"170":0,"171":0,"172":0},"b":{"1":[1,0],"2":[1,0],"3":[1,1],"4":[0,0],"5":[0,0],"6":[1,0],"7":[0,0],"8":[0,0],"9":[0,0],"10":[0,0],"11":[0,0,0],"12":[0,0],"13":[0,0],"14":[0,0],"15":[0,0],"16":[0,0],"17":[0,0],"18":[0,0],"19":[0,0],"20":[0,0],"21":[0,0],"22":[0,0],"23":[0,0],"24":[0,0],"25":[0,0],"26":[0,0],"27":[0,0],"28":[0,0],"29":[0,0],"30":[0,0],"31":[0,0],"32":[0,0],"33":[0,0,0],"34":[0,0],"35":[0,0],"36":[0,0],"37":[0,0],"38":[0,0],"39":[0,0],"40":[0,0],"41":[0,0],"42":[0,0],"43":[0,0],"44":[0,0],"45":[0,0]},"f":{"1":1,"2":0,"3":0,"4":0,"5":0,"6":0,"7":0,"8":0,"9":0,"10":0,"11":0,"12":0,"13":0,"14":0,"15":0,"16":0,"17":0,"18":0,"19":0,"20":0,"21":0,"22":0,"23":0,"24":0,"25":0,"26":0,"27":0,"28":0,"29":0,"30":0,"31":0,"32":0,"33":0,"34":0,"35":0,"36":0,"37":0,"38":0,"39":0,"40":0},"fnMap":{"1":{"name":"UMD","line":6,"loc":{"start":{"line":6,"column":1},"end":{"line":6,"column":38}}},"2":{"name":"$AMD$","line":10,"loc":{"start":{"line":10,"column":62},"end":{"line":10,"column":78}}},"3":{"name":"DEF","line":11,"loc":{"start":{"line":11,"column":58},"end":{"line":11,"column":72}}},"4":{"name":"timer","line":18,"loc":{"start":{"line":18,"column":3},"end":{"line":18,"column":22}}},"5":{"name":"builtInProp","line":25,"loc":{"start":{"line":25,"column":16},"end":{"line":25,"column":58}}},"6":{"name":"builtInProp","line":34,"loc":{"start":{"line":34,"column":16},"end":{"line":34,"column":51}}},"7":{"name":"Queue","line":41,"loc":{"start":{"line":41,"column":21},"end":{"line":41,"column":38}}},"8":{"name":"Item","line":44,"loc":{"start":{"line":44,"column":2},"end":{"line":44,"column":25}}},"9":{"name":"add","line":51,"loc":{"start":{"line":51,"column":8},"end":{"line":51,"column":30}}},"10":{"name":"drain","line":62,"loc":{"start":{"line":62,"column":10},"end":{"line":62,"column":27}}},"11":{"name":"schedule","line":74,"loc":{"start":{"line":74,"column":1},"end":{"line":74,"column":28}}},"12":{"name":"isThenable","line":82,"loc":{"start":{"line":82,"column":1},"end":{"line":82,"column":24}}},"13":{"name":"notify","line":95,"loc":{"start":{"line":95,"column":1},"end":{"line":95,"column":19}}},"14":{"name":"notifyIsolated","line":109,"loc":{"start":{"line":109,"column":1},"end":{"line":109,"column":40}}},"15":{"name":"resolve","line":139,"loc":{"start":{"line":139,"column":1},"end":{"line":139,"column":23}}},"16":{"name":"(anonymous_16)","line":154,"loc":{"start":{"line":154,"column":13},"end":{"line":154,"column":23}}},"17":{"name":"$resolve$","line":158,"loc":{"start":{"line":158,"column":7},"end":{"line":158,"column":27}}},"18":{"name":"$reject$","line":159,"loc":{"start":{"line":159,"column":7},"end":{"line":159,"column":26}}},"19":{"name":"reject","line":180,"loc":{"start":{"line":180,"column":1},"end":{"line":180,"column":22}}},"20":{"name":"iteratePromises","line":200,"loc":{"start":{"line":200,"column":1},"end":{"line":200,"column":61}}},"21":{"name":"IIFE","line":202,"loc":{"start":{"line":202,"column":4},"end":{"line":202,"column":22}}},"22":{"name":"$resolver$","line":205,"loc":{"start":{"line":205,"column":5},"end":{"line":205,"column":29}}},"23":{"name":"MakeDefWrapper","line":214,"loc":{"start":{"line":214,"column":1},"end":{"line":214,"column":31}}},"24":{"name":"MakeDef","line":219,"loc":{"start":{"line":219,"column":1},"end":{"line":219,"column":24}}},"25":{"name":"Promise","line":227,"loc":{"start":{"line":227,"column":1},"end":{"line":227,"column":28}}},"26":{"name":"then","line":242,"loc":{"start":{"line":242,"column":17},"end":{"line":242,"column":48}}},"27":{"name":"extractChain","line":250,"loc":{"start":{"line":250,"column":36},"end":{"line":250,"column":74}}},"28":{"name":"$catch$","line":266,"loc":{"start":{"line":266,"column":18},"end":{"line":266,"column":44}}},"29":{"name":"publicResolve","line":273,"loc":{"start":{"line":273,"column":4},"end":{"line":273,"column":31}}},"30":{"name":"publicReject","line":276,"loc":{"start":{"line":276,"column":4},"end":{"line":276,"column":31}}},"31":{"name":"Promise$resolve","line":298,"loc":{"start":{"line":298,"column":31},"end":{"line":298,"column":61}}},"32":{"name":"executor","line":307,"loc":{"start":{"line":307,"column":25},"end":{"line":307,"column":58}}},"33":{"name":"Promise$reject","line":316,"loc":{"start":{"line":316,"column":30},"end":{"line":316,"column":59}}},"34":{"name":"executor","line":317,"loc":{"start":{"line":317,"column":18},"end":{"line":317,"column":51}}},"35":{"name":"Promise$all","line":326,"loc":{"start":{"line":326,"column":27},"end":{"line":326,"column":53}}},"36":{"name":"executor","line":337,"loc":{"start":{"line":337,"column":25},"end":{"line":337,"column":58}}},"37":{"name":"resolver","line":344,"loc":{"start":{"line":344,"column":35},"end":{"line":344,"column":62}}},"38":{"name":"Promise$race","line":353,"loc":{"start":{"line":353,"column":28},"end":{"line":353,"column":55}}},"39":{"name":"executor","line":361,"loc":{"start":{"line":361,"column":25},"end":{"line":361,"column":58}}},"40":{"name":"resolver","line":366,"loc":{"start":{"line":366,"column":35},"end":{"line":366,"column":61}}}},"statementMap":{"1":{"start":{"line":6,"column":0},"end":{"line":373,"column":3}},"2":{"start":{"line":8,"column":1},"end":{"line":8,"column":47}},"3":{"start":{"line":9,"column":1},"end":{"line":10,"column":107}},"4":{"start":{"line":9,"column":55},"end":{"line":9,"column":86}},"5":{"start":{"line":10,"column":6},"end":{"line":10,"column":107}},"6":{"start":{"line":10,"column":55},"end":{"line":10,"column":105}},"7":{"start":{"line":10,"column":80},"end":{"line":10,"column":101}},"8":{"start":{"line":15,"column":1},"end":{"line":20,"column":2}},"9":{"start":{"line":18,"column":24},"end":{"line":18,"column":48}},"10":{"start":{"line":23,"column":1},"end":{"line":38,"column":2}},"11":{"start":{"line":24,"column":2},"end":{"line":24,"column":35}},"12":{"start":{"line":25,"column":2},"end":{"line":31,"column":4}},"13":{"start":{"line":26,"column":3},"end":{"line":30,"column":6}},"14":{"start":{"line":34,"column":2},"end":{"line":37,"column":4}},"15":{"start":{"line":35,"column":3},"end":{"line":35,"column":19}},"16":{"start":{"line":36,"column":3},"end":{"line":36,"column":14}},"17":{"start":{"line":41,"column":1},"end":{"line":72,"column":6}},"18":{"start":{"line":42,"column":2},"end":{"line":42,"column":24}},"19":{"start":{"line":44,"column":2},"end":{"line":48,"column":3}},"20":{"start":{"line":45,"column":3},"end":{"line":45,"column":16}},"21":{"start":{"line":46,"column":3},"end":{"line":46,"column":20}},"22":{"start":{"line":47,"column":3},"end":{"line":47,"column":22}},"23":{"start":{"line":50,"column":2},"end":{"line":71,"column":4}},"24":{"start":{"line":52,"column":4},"end":{"line":52,"column":29}},"25":{"start":{"line":53,"column":4},"end":{"line":58,"column":5}},"26":{"start":{"line":54,"column":5},"end":{"line":54,"column":22}},"27":{"start":{"line":57,"column":5},"end":{"line":57,"column":18}},"28":{"start":{"line":59,"column":4},"end":{"line":59,"column":16}},"29":{"start":{"line":60,"column":4},"end":{"line":60,"column":18}},"30":{"start":{"line":63,"column":4},"end":{"line":63,"column":18}},"31":{"start":{"line":64,"column":4},"end":{"line":64,"column":34}},"32":{"start":{"line":66,"column":4},"end":{"line":69,"column":5}},"33":{"start":{"line":67,"column":5},"end":{"line":67,"column":23}},"34":{"start":{"line":68,"column":5},"end":{"line":68,"column":16}},"35":{"start":{"line":74,"column":1},"end":{"line":79,"column":2}},"36":{"start":{"line":75,"column":2},"end":{"line":75,"column":32}},"37":{"start":{"line":76,"column":2},"end":{"line":78,"column":3}},"38":{"start":{"line":77,"column":3},"end":{"line":77,"column":41}},"39":{"start":{"line":82,"column":1},"end":{"line":93,"column":2}},"40":{"start":{"line":83,"column":2},"end":{"line":83,"column":31}},"41":{"start":{"line":85,"column":2},"end":{"line":91,"column":3}},"42":{"start":{"line":90,"column":3},"end":{"line":90,"column":18}},"43":{"start":{"line":92,"column":2},"end":{"line":92,"column":52}},"44":{"start":{"line":95,"column":1},"end":{"line":104,"column":2}},"45":{"start":{"line":96,"column":2},"end":{"line":102,"column":3}},"46":{"start":{"line":97,"column":3},"end":{"line":101,"column":5}},"47":{"start":{"line":103,"column":2},"end":{"line":103,"column":24}},"48":{"start":{"line":109,"column":1},"end":{"line":137,"column":2}},"49":{"start":{"line":110,"column":2},"end":{"line":110,"column":17}},"50":{"start":{"line":111,"column":2},"end":{"line":136,"column":3}},"51":{"start":{"line":112,"column":3},"end":{"line":132,"column":4}},"52":{"start":{"line":113,"column":4},"end":{"line":113,"column":27}},"53":{"start":{"line":116,"column":4},"end":{"line":121,"column":5}},"54":{"start":{"line":117,"column":5},"end":{"line":117,"column":20}},"55":{"start":{"line":120,"column":5},"end":{"line":120,"column":36}},"56":{"start":{"line":123,"column":4},"end":{"line":131,"column":5}},"57":{"start":{"line":124,"column":5},"end":{"line":124,"column":52}},"58":{"start":{"line":126,"column":9},"end":{"line":131,"column":5}},"59":{"start":{"line":127,"column":5},"end":{"line":127,"column":48}},"60":{"start":{"line":130,"column":5},"end":{"line":130,"column":24}},"61":{"start":{"line":135,"column":3},"end":{"line":135,"column":21}},"62":{"start":{"line":139,"column":1},"end":{"line":178,"column":2}},"63":{"start":{"line":140,"column":2},"end":{"line":140,"column":25}},"64":{"start":{"line":143,"column":2},"end":{"line":143,"column":33}},"65":{"start":{"line":143,"column":24},"end":{"line":143,"column":31}},"66":{"start":{"line":145,"column":2},"end":{"line":145,"column":24}},"67":{"start":{"line":148,"column":2},"end":{"line":150,"column":3}},"68":{"start":{"line":149,"column":3},"end":{"line":149,"column":19}},"69":{"start":{"line":152,"column":2},"end":{"line":177,"column":3}},"70":{"start":{"line":153,"column":3},"end":{"line":173,"column":4}},"71":{"start":{"line":154,"column":4},"end":{"line":165,"column":6}},"72":{"start":{"line":155,"column":5},"end":{"line":155,"column":48}},"73":{"start":{"line":156,"column":5},"end":{"line":164,"column":6}},"74":{"start":{"line":157,"column":6},"end":{"line":160,"column":8}},"75":{"start":{"line":158,"column":29},"end":{"line":158,"column":66}},"76":{"start":{"line":159,"column":28},"end":{"line":159,"column":64}},"77":{"start":{"line":163,"column":6},"end":{"line":163,"column":35}},"78":{"start":{"line":168,"column":4},"end":{"line":168,"column":19}},"79":{"start":{"line":169,"column":4},"end":{"line":169,"column":19}},"80":{"start":{"line":170,"column":4},"end":{"line":172,"column":5}},"81":{"start":{"line":171,"column":5},"end":{"line":171,"column":27}},"82":{"start":{"line":176,"column":3},"end":{"line":176,"column":45}},"83":{"start":{"line":180,"column":1},"end":{"line":198,"column":2}},"84":{"start":{"line":181,"column":2},"end":{"line":181,"column":18}},"85":{"start":{"line":184,"column":2},"end":{"line":184,"column":33}},"86":{"start":{"line":184,"column":24},"end":{"line":184,"column":31}},"87":{"start":{"line":186,"column":2},"end":{"line":186,"column":24}},"88":{"start":{"line":189,"column":2},"end":{"line":191,"column":3}},"89":{"start":{"line":190,"column":3},"end":{"line":190,"column":19}},"90":{"start":{"line":193,"column":2},"end":{"line":193,"column":17}},"91":{"start":{"line":194,"column":2},"end":{"line":194,"column":17}},"92":{"start":{"line":195,"column":2},"end":{"line":197,"column":3}},"93":{"start":{"line":196,"column":3},"end":{"line":196,"column":25}},"94":{"start":{"line":200,"column":1},"end":{"line":212,"column":2}},"95":{"start":{"line":201,"column":2},"end":{"line":211,"column":3}},"96":{"start":{"line":202,"column":3},"end":{"line":210,"column":11}},"97":{"start":{"line":203,"column":4},"end":{"line":209,"column":6}},"98":{"start":{"line":206,"column":6},"end":{"line":206,"column":24}},"99":{"start":{"line":214,"column":1},"end":{"line":217,"column":2}},"100":{"start":{"line":215,"column":2},"end":{"line":215,"column":18}},"101":{"start":{"line":216,"column":2},"end":{"line":216,"column":25}},"102":{"start":{"line":219,"column":1},"end":{"line":225,"column":2}},"103":{"start":{"line":220,"column":2},"end":{"line":220,"column":22}},"104":{"start":{"line":221,"column":2},"end":{"line":221,"column":17}},"105":{"start":{"line":222,"column":2},"end":{"line":222,"column":25}},"106":{"start":{"line":223,"column":2},"end":{"line":223,"column":18}},"107":{"start":{"line":224,"column":2},"end":{"line":224,"column":20}},"108":{"start":{"line":227,"column":1},"end":{"line":284,"column":2}},"109":{"start":{"line":228,"column":2},"end":{"line":230,"column":3}},"110":{"start":{"line":229,"column":3},"end":{"line":229,"column":37}},"111":{"start":{"line":232,"column":2},"end":{"line":234,"column":3}},"112":{"start":{"line":233,"column":3},"end":{"line":233,"column":36}},"113":{"start":{"line":238,"column":2},"end":{"line":238,"column":19}},"114":{"start":{"line":240,"column":2},"end":{"line":240,"column":30}},"115":{"start":{"line":242,"column":2},"end":{"line":265,"column":4}},"116":{"start":{"line":243,"column":3},"end":{"line":246,"column":5}},"117":{"start":{"line":250,"column":3},"end":{"line":257,"column":6}},"118":{"start":{"line":251,"column":4},"end":{"line":253,"column":5}},"119":{"start":{"line":252,"column":5},"end":{"line":252,"column":39}},"120":{"start":{"line":255,"column":4},"end":{"line":255,"column":24}},"121":{"start":{"line":256,"column":4},"end":{"line":256,"column":22}},"122":{"start":{"line":258,"column":3},"end":{"line":258,"column":21}},"123":{"start":{"line":260,"column":3},"end":{"line":262,"column":4}},"124":{"start":{"line":261,"column":4},"end":{"line":261,"column":25}},"125":{"start":{"line":264,"column":3},"end":{"line":264,"column":20}},"126":{"start":{"line":266,"column":2},"end":{"line":268,"column":4}},"127":{"start":{"line":267,"column":3},"end":{"line":267,"column":36}},"128":{"start":{"line":270,"column":2},"end":{"line":283,"column":3}},"129":{"start":{"line":271,"column":3},"end":{"line":279,"column":5}},"130":{"start":{"line":274,"column":5},"end":{"line":274,"column":27}},"131":{"start":{"line":277,"column":5},"end":{"line":277,"column":26}},"132":{"start":{"line":282,"column":3},"end":{"line":282,"column":24}},"133":{"start":{"line":286,"column":1},"end":{"line":288,"column":3}},"134":{"start":{"line":291,"column":1},"end":{"line":291,"column":38}},"135":{"start":{"line":294,"column":1},"end":{"line":296,"column":3}},"136":{"start":{"line":298,"column":1},"end":{"line":314,"column":4}},"137":{"start":{"line":299,"column":2},"end":{"line":299,"column":25}},"138":{"start":{"line":303,"column":2},"end":{"line":305,"column":3}},"139":{"start":{"line":304,"column":3},"end":{"line":304,"column":14}},"140":{"start":{"line":307,"column":2},"end":{"line":313,"column":5}},"141":{"start":{"line":308,"column":3},"end":{"line":310,"column":4}},"142":{"start":{"line":309,"column":4},"end":{"line":309,"column":38}},"143":{"start":{"line":312,"column":3},"end":{"line":312,"column":16}},"144":{"start":{"line":316,"column":1},"end":{"line":324,"column":4}},"145":{"start":{"line":317,"column":2},"end":{"line":323,"column":5}},"146":{"start":{"line":318,"column":3},"end":{"line":320,"column":4}},"147":{"start":{"line":319,"column":4},"end":{"line":319,"column":38}},"148":{"start":{"line":322,"column":3},"end":{"line":322,"column":15}},"149":{"start":{"line":326,"column":1},"end":{"line":351,"column":4}},"150":{"start":{"line":327,"column":2},"end":{"line":327,"column":25}},"151":{"start":{"line":330,"column":2},"end":{"line":332,"column":3}},"152":{"start":{"line":331,"column":3},"end":{"line":331,"column":56}},"153":{"start":{"line":333,"column":2},"end":{"line":335,"column":3}},"154":{"start":{"line":334,"column":3},"end":{"line":334,"column":34}},"155":{"start":{"line":337,"column":2},"end":{"line":350,"column":5}},"156":{"start":{"line":338,"column":3},"end":{"line":340,"column":4}},"157":{"start":{"line":339,"column":4},"end":{"line":339,"column":38}},"158":{"start":{"line":342,"column":3},"end":{"line":342,"column":54}},"159":{"start":{"line":344,"column":3},"end":{"line":349,"column":13}},"160":{"start":{"line":345,"column":4},"end":{"line":345,"column":20}},"161":{"start":{"line":346,"column":4},"end":{"line":348,"column":5}},"162":{"start":{"line":347,"column":5},"end":{"line":347,"column":19}},"163":{"start":{"line":353,"column":1},"end":{"line":370,"column":4}},"164":{"start":{"line":354,"column":2},"end":{"line":354,"column":25}},"165":{"start":{"line":357,"column":2},"end":{"line":359,"column":3}},"166":{"start":{"line":358,"column":3},"end":{"line":358,"column":56}},"167":{"start":{"line":361,"column":2},"end":{"line":369,"column":5}},"168":{"start":{"line":362,"column":3},"end":{"line":364,"column":4}},"169":{"start":{"line":363,"column":4},"end":{"line":363,"column":38}},"170":{"start":{"line":366,"column":3},"end":{"line":368,"column":13}},"171":{"start":{"line":367,"column":4},"end":{"line":367,"column":17}},"172":{"start":{"line":372,"column":1},"end":{"line":372,"column":16}}},"branchMap":{"1":{"line":8,"type":"binary-expr","locations":[{"start":{"line":8,"column":17},"end":{"line":8,"column":30}},{"start":{"line":8,"column":34},"end":{"line":8,"column":46}}]},"2":{"line":9,"type":"if","locations":[{"start":{"line":9,"column":1},"end":{"line":9,"column":1}},{"start":{"line":9,"column":1},"end":{"line":9,"column":1}}]},"3":{"line":9,"type":"binary-expr","locations":[{"start":{"line":9,"column":5},"end":{"line":9,"column":33}},{"start":{"line":9,"column":37},"end":{"line":9,"column":51}}]},"4":{"line":10,"type":"if","locations":[{"start":{"line":10,"column":6},"end":{"line":10,"column":6}},{"start":{"line":10,"column":6},"end":{"line":10,"column":6}}]},"5":{"line":10,"type":"binary-expr","locations":[{"start":{"line":10,"column":10},"end":{"line":10,"column":37}},{"start":{"line":10,"column":41},"end":{"line":10,"column":51}}]},"6":{"line":11,"type":"cond-expr","locations":[{"start":{"line":11,"column":44},"end":{"line":11,"column":50}},{"start":{"line":11,"column":53},"end":{"line":11,"column":57}}]},"7":{"line":17,"type":"cond-expr","locations":[{"start":{"line":18,"column":3},"end":{"line":18,"column":50}},{"start":{"line":19,"column":3},"end":{"line":19,"column":13}}]},"8":{"line":53,"type":"if","locations":[{"start":{"line":53,"column":4},"end":{"line":53,"column":4}},{"start":{"line":53,"column":4},"end":{"line":53,"column":4}}]},"9":{"line":76,"type":"if","locations":[{"start":{"line":76,"column":2},"end":{"line":76,"column":2}},{"start":{"line":76,"column":2},"end":{"line":76,"column":2}}]},"10":{"line":85,"type":"if","locations":[{"start":{"line":85,"column":2},"end":{"line":85,"column":2}},{"start":{"line":85,"column":2},"end":{"line":85,"column":2}}]},"11":{"line":85,"type":"binary-expr","locations":[{"start":{"line":85,"column":6},"end":{"line":85,"column":15}},{"start":{"line":87,"column":4},"end":{"line":87,"column":22}},{"start":{"line":87,"column":26},"end":{"line":87,"column":46}}]},"12":{"line":92,"type":"cond-expr","locations":[{"start":{"line":92,"column":38},"end":{"line":92,"column":43}},{"start":{"line":92,"column":46},"end":{"line":92,"column":51}}]},"13":{"line":99,"type":"cond-expr","locations":[{"start":{"line":99,"column":25},"end":{"line":99,"column":46}},{"start":{"line":99,"column":49},"end":{"line":99,"column":70}}]},"14":{"line":112,"type":"if","locations":[{"start":{"line":112,"column":3},"end":{"line":112,"column":3}},{"start":{"line":112,"column":3},"end":{"line":112,"column":3}}]},"15":{"line":116,"type":"if","locations":[{"start":{"line":116,"column":4},"end":{"line":116,"column":4}},{"start":{"line":116,"column":4},"end":{"line":116,"column":4}}]},"16":{"line":123,"type":"if","locations":[{"start":{"line":123,"column":4},"end":{"line":123,"column":4}},{"start":{"line":123,"column":4},"end":{"line":123,"column":4}}]},"17":{"line":126,"type":"if","locations":[{"start":{"line":126,"column":9},"end":{"line":126,"column":9}},{"start":{"line":126,"column":9},"end":{"line":126,"column":9}}]},"18":{"line":143,"type":"if","locations":[{"start":{"line":143,"column":2},"end":{"line":143,"column":2}},{"start":{"line":143,"column":2},"end":{"line":143,"column":2}}]},"19":{"line":148,"type":"if","locations":[{"start":{"line":148,"column":2},"end":{"line":148,"column":2}},{"start":{"line":148,"column":2},"end":{"line":148,"column":2}}]},"20":{"line":153,"type":"if","locations":[{"start":{"line":153,"column":3},"end":{"line":153,"column":3}},{"start":{"line":153,"column":3},"end":{"line":153,"column":3}}]},"21":{"line":170,"type":"if","locations":[{"start":{"line":170,"column":4},"end":{"line":170,"column":4}},{"start":{"line":170,"column":4},"end":{"line":170,"column":4}}]},"22":{"line":184,"type":"if","locations":[{"start":{"line":184,"column":2},"end":{"line":184,"column":2}},{"start":{"line":184,"column":2},"end":{"line":184,"column":2}}]},"23":{"line":189,"type":"if","locations":[{"start":{"line":189,"column":2},"end":{"line":189,"column":2}},{"start":{"line":189,"column":2},"end":{"line":189,"column":2}}]},"24":{"line":195,"type":"if","locations":[{"start":{"line":195,"column":2},"end":{"line":195,"column":2}},{"start":{"line":195,"column":2},"end":{"line":195,"column":2}}]},"25":{"line":228,"type":"if","locations":[{"start":{"line":228,"column":2},"end":{"line":228,"column":2}},{"start":{"line":228,"column":2},"end":{"line":228,"column":2}}]},"26":{"line":232,"type":"if","locations":[{"start":{"line":232,"column":2},"end":{"line":232,"column":2}},{"start":{"line":232,"column":2},"end":{"line":232,"column":2}}]},"27":{"line":244,"type":"cond-expr","locations":[{"start":{"line":244,"column":44},"end":{"line":244,"column":51}},{"start":{"line":244,"column":54},"end":{"line":244,"column":58}}]},"28":{"line":245,"type":"cond-expr","locations":[{"start":{"line":245,"column":44},"end":{"line":245,"column":51}},{"start":{"line":245,"column":54},"end":{"line":245,"column":59}}]},"29":{"line":251,"type":"if","locations":[{"start":{"line":251,"column":4},"end":{"line":251,"column":4}},{"start":{"line":251,"column":4},"end":{"line":251,"column":4}}]},"30":{"line":251,"type":"binary-expr","locations":[{"start":{"line":251,"column":8},"end":{"line":251,"column":36}},{"start":{"line":251,"column":40},"end":{"line":251,"column":67}}]},"31":{"line":260,"type":"if","locations":[{"start":{"line":260,"column":3},"end":{"line":260,"column":3}},{"start":{"line":260,"column":3},"end":{"line":260,"column":3}}]},"32":{"line":303,"type":"if","locations":[{"start":{"line":303,"column":2},"end":{"line":303,"column":2}},{"start":{"line":303,"column":2},"end":{"line":303,"column":2}}]},"33":{"line":303,"type":"binary-expr","locations":[{"start":{"line":303,"column":6},"end":{"line":303,"column":9}},{"start":{"line":303,"column":13},"end":{"line":303,"column":35}},{"start":{"line":303,"column":39},"end":{"line":303,"column":56}}]},"34":{"line":308,"type":"if","locations":[{"start":{"line":308,"column":3},"end":{"line":308,"column":3}},{"start":{"line":308,"column":3},"end":{"line":308,"column":3}}]},"35":{"line":308,"type":"binary-expr","locations":[{"start":{"line":308,"column":7},"end":{"line":308,"column":35}},{"start":{"line":308,"column":39},"end":{"line":308,"column":66}}]},"36":{"line":318,"type":"if","locations":[{"start":{"line":318,"column":3},"end":{"line":318,"column":3}},{"start":{"line":318,"column":3},"end":{"line":318,"column":3}}]},"37":{"line":318,"type":"binary-expr","locations":[{"start":{"line":318,"column":7},"end":{"line":318,"column":35}},{"start":{"line":318,"column":39},"end":{"line":318,"column":66}}]},"38":{"line":330,"type":"if","locations":[{"start":{"line":330,"column":2},"end":{"line":330,"column":2}},{"start":{"line":330,"column":2},"end":{"line":330,"column":2}}]},"39":{"line":333,"type":"if","locations":[{"start":{"line":333,"column":2},"end":{"line":333,"column":2}},{"start":{"line":333,"column":2},"end":{"line":333,"column":2}}]},"40":{"line":338,"type":"if","locations":[{"start":{"line":338,"column":3},"end":{"line":338,"column":3}},{"start":{"line":338,"column":3},"end":{"line":338,"column":3}}]},"41":{"line":338,"type":"binary-expr","locations":[{"start":{"line":338,"column":7},"end":{"line":338,"column":35}},{"start":{"line":338,"column":39},"end":{"line":338,"column":66}}]},"42":{"line":346,"type":"if","locations":[{"start":{"line":346,"column":4},"end":{"line":346,"column":4}},{"start":{"line":346,"column":4},"end":{"line":346,"column":4}}]},"43":{"line":357,"type":"if","locations":[{"start":{"line":357,"column":2},"end":{"line":357,"column":2}},{"start":{"line":357,"column":2},"end":{"line":357,"column":2}}]},"44":{"line":362,"type":"if","locations":[{"start":{"line":362,"column":3},"end":{"line":362,"column":3}},{"start":{"line":362,"column":3},"end":{"line":362,"column":3}}]},"45":{"line":362,"type":"binary-expr","locations":[{"start":{"line":362,"column":7},"end":{"line":362,"column":35}},{"start":{"line":362,"column":39},"end":{"line":362,"column":66}}]}},"code":["/*! Native Promise Only","    v0.8.1 (c) Kyle Simpson","    MIT License: http://getify.mit-license.org","*/","","(function UMD(name,context,definition){","\t// special form of UMD for polyfilling across evironments","\tcontext[name] = context[name] || definition();","\tif (typeof module != \"undefined\" && module.exports) { module.exports = context[name]; }","\telse if (typeof define == \"function\" && define.amd) { define(function $AMD$(){ return context[name]; }); }","})(\"Promise\",typeof global != \"undefined\" ? global : this,function DEF(){","\t/*jshint validthis:true */","\t\"use strict\";","","\tvar builtInProp, cycle, scheduling_queue,","\t\tToString = Object.prototype.toString,","\t\ttimer = (typeof setImmediate != \"undefined\") ?","\t\t\tfunction timer(fn) { return setImmediate(fn); } :","\t\t\tsetTimeout","\t;","","\t// dammit, IE8.","\ttry {","\t\tObject.defineProperty({},\"x\",{});","\t\tbuiltInProp = function builtInProp(obj,name,val,config) {","\t\t\treturn Object.defineProperty(obj,name,{","\t\t\t\tvalue: val,","\t\t\t\twritable: true,","\t\t\t\tconfigurable: config !== false","\t\t\t});","\t\t};","\t}","\tcatch (err) {","\t\tbuiltInProp = function builtInProp(obj,name,val) {","\t\t\tobj[name] = val;","\t\t\treturn obj;","\t\t};","\t}","","\t// Note: using a queue instead of array for efficiency","\tscheduling_queue = (function Queue() {","\t\tvar first, last, item;","","\t\tfunction Item(fn,self) {","\t\t\tthis.fn = fn;","\t\t\tthis.self = self;","\t\t\tthis.next = void 0;","\t\t}","","\t\treturn {","\t\t\tadd: function add(fn,self) {","\t\t\t\titem = new Item(fn,self);","\t\t\t\tif (last) {","\t\t\t\t\tlast.next = item;","\t\t\t\t}","\t\t\t\telse {","\t\t\t\t\tfirst = item;","\t\t\t\t}","\t\t\t\tlast = item;","\t\t\t\titem = void 0;","\t\t\t},","\t\t\tdrain: function drain() {","\t\t\t\tvar f = first;","\t\t\t\tfirst = last = cycle = void 0;","","\t\t\t\twhile (f) {","\t\t\t\t\tf.fn.call(f.self);","\t\t\t\t\tf = f.next;","\t\t\t\t}","\t\t\t}","\t\t};","\t})();","","\tfunction schedule(fn,self) {","\t\tscheduling_queue.add(fn,self);","\t\tif (!cycle) {","\t\t\tcycle = timer(scheduling_queue.drain);","\t\t}","\t}","","\t// promise duck typing","\tfunction isThenable(o) {","\t\tvar _then, o_type = typeof o;","","\t\tif (o != null &&","\t\t\t(","\t\t\t\to_type == \"object\" || o_type == \"function\"","\t\t\t)","\t\t) {","\t\t\t_then = o.then;","\t\t}","\t\treturn typeof _then == \"function\" ? _then : false;","\t}","","\tfunction notify() {","\t\tfor (var i=0; i<this.chain.length; i++) {","\t\t\tnotifyIsolated(","\t\t\t\tthis,","\t\t\t\t(this.state === 1) ? this.chain[i].success : this.chain[i].failure,","\t\t\t\tthis.chain[i]","\t\t\t);","\t\t}","\t\tthis.chain.length = 0;","\t}","","\t// NOTE: This is a separate function to isolate","\t// the `try..catch` so that other code can be","\t// optimized better","\tfunction notifyIsolated(self,cb,chain) {","\t\tvar ret, _then;","\t\ttry {","\t\t\tif (cb === false) {","\t\t\t\tchain.reject(self.msg);","\t\t\t}","\t\t\telse {","\t\t\t\tif (cb === true) {","\t\t\t\t\tret = self.msg;","\t\t\t\t}","\t\t\t\telse {","\t\t\t\t\tret = cb.call(void 0,self.msg);","\t\t\t\t}","","\t\t\t\tif (ret === chain.promise) {","\t\t\t\t\tchain.reject(TypeError(\"Promise-chain cycle\"));","\t\t\t\t}","\t\t\t\telse if (_then = isThenable(ret)) {","\t\t\t\t\t_then.call(ret,chain.resolve,chain.reject);","\t\t\t\t}","\t\t\t\telse {","\t\t\t\t\tchain.resolve(ret);","\t\t\t\t}","\t\t\t}","\t\t}","\t\tcatch (err) {","\t\t\tchain.reject(err);","\t\t}","\t}","","\tfunction resolve(msg) {","\t\tvar _then, self = this;","","\t\t// already triggered?","\t\tif (self.triggered) { return; }","","\t\tself.triggered = true;","","\t\t// unwrap","\t\tif (self.def) {","\t\t\tself = self.def;","\t\t}","","\t\ttry {","\t\t\tif (_then = isThenable(msg)) {","\t\t\t\tschedule(function(){","\t\t\t\t\tvar def_wrapper = new MakeDefWrapper(self);","\t\t\t\t\ttry {","\t\t\t\t\t\t_then.call(msg,","\t\t\t\t\t\t\tfunction $resolve$(){ resolve.apply(def_wrapper,arguments); },","\t\t\t\t\t\t\tfunction $reject$(){ reject.apply(def_wr
[...]
,"loc":{"start":{"line":5,"column":2476},"end":{"line":5,"column":2486}}},"31":{"name":"(anonymous_31)","line":5,"loc":{"start":{"line":5,"column":2633},"end":{"line":5,"column":2644}}},"32":{"name":"(anonymous_32)","line":5,"loc":{"start":{"line":5,"column":2708},"end":{"line":5,"column":2721}}},"33":{"name":"(anonymous_33)","line":5,"loc":{"start":{"line":5,"column":2824},"end":{"line":5,"column":2835}}},"34":{"name":"(anonymous_34)","line":5,"loc":{"start":{"line":5,"column":2852},"end":{"line":5,"column":2865}}},"35":{"name":"(anonymous_35)","line":5,"loc":{"start":{"line":5,"column":2965},"end":{"line":5,"column":2976}}},"36":{"name":"(anonymous_36)","line":5,"loc":{"start":{"line":5,"column":3091},"end":{"line":5,"column":3104}}},"37":{"name":"(anonymous_37)","line":5,"loc":{"start":{"line":5,"column":3221},"end":{"line":5,"column":3234}}},"38":{"name":"(anonymous_38)","line":5,"loc":{"start":{"line":5,"column":3275},"end":{"line":5,"column":3286}}},"39":{"name":"(anonymous_39)","line":5,"loc":{"start":{"line":5,"column":3374},"end":{"line":5,"column":3387}}},"40":{"name":"(anonymous_40)","line":5,"loc":{"start":{"line":5,"column":3474},"end":{"line":5,"column":3487}}}},"statementMap":{"1":{"start":{"line":5,"column":0},"end":{"line":5,"column":3505}},"2":{"start":{"line":5,"column":17},"end":{"line":5,"column":165}},"3":{"start":{"line":5,"column":152},"end":{"line":5,"column":163}},"4":{"start":{"line":5,"column":240},"end":{"line":5,"column":285}},"5":{"start":{"line":5,"column":256},"end":{"line":5,"column":284}},"6":{"start":{"line":5,"column":285},"end":{"line":5,"column":397}},"7":{"start":{"line":5,"column":299},"end":{"line":5,"column":316}},"8":{"start":{"line":5,"column":316},"end":{"line":5,"column":396}},"9":{"start":{"line":5,"column":397},"end":{"line":5,"column":547}},"10":{"start":{"line":5,"column":410},"end":{"line":5,"column":527}},"11":{"start":{"line":5,"column":446},"end":{"line":5,"column":527}},"12":{"start":{"line":5,"column":527},"end":{"line":5,"column":546}},"13":{"start":{"line":5,"column":547},"end":{"line":5,"column":768}},"14":{"start":{"line":5,"column":565},"end":{"line":5,"column":573}},"15":{"start":{"line":5,"column":573},"end":{"line":5,"column":767}},"16":{"start":{"line":5,"column":577},"end":{"line":5,"column":745}},"17":{"start":{"line":5,"column":755},"end":{"line":5,"column":766}},"18":{"start":{"line":5,"column":768},"end":{"line":5,"column":1064}},"19":{"start":{"line":5,"column":782},"end":{"line":5,"column":795}},"20":{"start":{"line":5,"column":795},"end":{"line":5,"column":1063}},"21":{"start":{"line":5,"column":812},"end":{"line":5,"column":844}},"22":{"start":{"line":5,"column":844},"end":{"line":5,"column":1062}},"23":{"start":{"line":5,"column":848},"end":{"line":5,"column":1033}},"24":{"start":{"line":5,"column":870},"end":{"line":5,"column":885}},"25":{"start":{"line":5,"column":885},"end":{"line":5,"column":986}},"26":{"start":{"line":5,"column":889},"end":{"line":5,"column":964}},"27":{"start":{"line":5,"column":909},"end":{"line":5,"column":929}},"28":{"start":{"line":5,"column":942},"end":{"line":5,"column":962}},"29":{"start":{"line":5,"column":974},"end":{"line":5,"column":985}},"30":{"start":{"line":5,"column":1043},"end":{"line":5,"column":1061}},"31":{"start":{"line":5,"column":1064},"end":{"line":5,"column":1179}},"32":{"start":{"line":5,"column":1078},"end":{"line":5,"column":1089}},"33":{"start":{"line":5,"column":1089},"end":{"line":5,"column":1178}},"34":{"start":{"line":5,"column":1179},"end":{"line":5,"column":1287}},"35":{"start":{"line":5,"column":1199},"end":{"line":5,"column":1286}},"36":{"start":{"line":5,"column":1226},"end":{"line":5,"column":1286}},"37":{"start":{"line":5,"column":1239},"end":{"line":5,"column":1282}},"38":{"start":{"line":5,"column":1272},"end":{"line":5,"column":1278}},"39":{"start":{"line":5,"column":1287},"end":{"line":5,"column":1330}},"40":{"start":{"line":5,"column":1301},"end":{"line":5,"column":1329}},"41":{"start":{"line":5,"column":1330},"end":{"line":5,"column":1420}},"42":{"start":{"line":5,"column":1344},"end":{"line":5,"column":1419}},"43":{"start":{"line":5,"column":1420},"end":{"line":5,"column":2027}},"44":{"start":{"line":5,"column":1434},"end":{"line":5,"column":1492}},"45":{"start":{"line":5,"column":1458},"end":{"line":5,"column":1492}},"46":{"start":{"line":5,"column":1492},"end":{"line":5,"column":1545}},"47":{"start":{"line":5,"column":1512},"end":{"line":5,"column":1545}},"48":{"start":{"line":5,"column":1545},"end":{"line":5,"column":1560}},"49":{"start":{"line":5,"column":1560},"end":{"line":5,"column":1578}},"50":{"start":{"line":5,"column":1578},"end":{"line":5,"column":1936}},"51":{"start":{"line":5,"column":1602},"end":{"line":5,"column":1678}},"52":{"start":{"line":5,"column":1678},"end":{"line":5,"column":1880}},"53":{"start":{"line":5,"column":1730},"end":{"line":5,"column":1810}},"54":{"start":{"line":5,"column":1776},"end":{"line":5,"column":1810}},"55":{"start":{"line":5,"column":1810},"end":{"line":5,"column":1832}},"56":{"start":{"line":5,"column":1908},"end":{"line":5,"column":1934}},"57":{"start":{"line":5,"column":1936},"end":{"line":5,"column":2026}},"58":{"start":{"line":5,"column":1940},"end":{"line":5,"column":2004}},"59":{"start":{"line":5,"column":1966},"end":{"line":5,"column":1977}},"60":{"start":{"line":5,"column":1991},"end":{"line":5,"column":2002}},"61":{"start":{"line":5,"column":2014},"end":{"line":5,"column":2025}},"62":{"start":{"line":5,"column":2027},"end":{"line":5,"column":2147}},"63":{"start":{"line":5,"column":2112},"end":{"line":5,"column":2134}},"64":{"start":{"line":5,"column":2147},"end":{"line":5,"column":2325}},"65":{"start":{"line":5,"column":2151},"end":{"line":5,"column":2280}},"66":{"start":{"line":5,"column":2204},"end":{"line":5,"column":2279}},"67":{"start":{"line":5,"column":2290},"end":{"line":5,"column":2324}},"68":{"start":{"line":5,"column":2308},"end":{"line":5,"column":2323}},"69":{"start":{"line":5,"column":2325},"end":{"line":5,"column":2547}},"70":{"start":{"line":5,"column":2338},"end":{"line":5,"column":2393}},"71":{"start":{"line":5,"column":2354},"end":{"line":5,"column":2392}},"72":{"start":{"line":5,"column":2393},"end":{"line":5,"column":2403}},"73":{"start":{"line":5,"column":2403},"end":{"line":5,"column":2543}},"74":{"start":{"line":5,"column":2428},"end":{"line":5,"column":2468}},"75":{"start":{"line":5,"column":2487},"end":{"line":5,"column":2495}},"76":{"start":{"line":5,"column":2495},"end":{"line":5,"column":2541}},"77":{"start":{"line":5,"column":2515},"end":{"line":5,"column":2541}},"78":{"start":{"line":5,"column":2547},"end":{"line":5,"column":2578}},"79":{"start":{"line":5,"column":2578},"end":{"line":5,"column":3502}},"80":{"start":{"line":5,"column":2645},"end":{"line":5,"column":2656}},"81":{"start":{"line":5,"column":2656},"end":{"line":5,"column":2808}},"82":{"start":{"line":5,"column":2722},"end":{"line":5,"column":2802}},"83":{"start":{"line":5,"column":2768},"end":{"line":5,"column":2802}},"84":{"start":{"line":5,"column":2802},"end":{"line":5,"column":2806}},"85":{"start":{"line":5,"column":2836},"end":{"line":5,"column":2952}},"86":{"start":{"line":5,"column":2866},"end":{"line":5,"column":2946}},"87":{"start":{"line":5,"column":2912},"end":{"line":5,"column":2946}},"88":{"start":{"line":5,"column":2946},"end":{"line":5,"column":2950}},"89":{"start":{"line":5,"column":2977},"end":{"line":5,"column":2988}},"90":{"start":{"line":5,"column":2988},"end":{"line":5,"column":3261}},"91":{"start":{"line":5,"column":3105},"end":{"line":5,"column":3185}},"92":{"start":{"line":5,"column":3151},"end":{"line":5,"column":3185}},"93":{"start":{"line":5,"column":3185},"end":{"line":5,"column":3215}},"94":{"start":{"line":5,"column":3215},"end":{"line":5,"column":3259}},"95":{"start":{"line":5,"column":3235},"end":{"line":5,"column":3255}},"96":{"start":{"line":5,"column":3287},"end":{"line":5,"column":3298}},"97":{"start":{"line":5,"column":3298},"end":{"line":5,"column":3498}},"98":{"start":{"line":5,"column":3388},"end":{"line":5,"column":3468}},"99":{"start":{"line":5,"column":3434},"end":{"line":5,"column":3468}},"100":{"start":{"line":5,"column":3468},"end":{"line":5,"column":3496}},"101":{"start":{"line":5,"column":3488},"end":{"line":5,"column":3492}}},"branchMap":{"1":{"line":5,"type":"binary-expr","locations":[{"start":{"line":5,"column":22},"end":{"line":5,"column":26}},{"start":{"line":5,"column":28},"end":{"line":5,"column":31}}]},"2":{"line":5,"type":"cond-expr","locations":[{"start":{"line":5,"column":75},"end":{"line":5,"column":94}},{"start":{"line":5,"column":95},"end":{"line":5,"column":165}}]},"3":{"line":5,"type":"binary-expr","locations":[{"start":{"line":5,"column":32},"end":{"line":5,"column":58}},{"start":{"line":5,"column":60},"end":{"line":5,"column":74}}]},"4":{"line":5,"type":"binary-expr","locations":[{"start":{"line":5,"column":95},"end":{"line":5,"column":120}},{"start":{"line":5,"column":122},"end":{"line":5,"column":132}},{"start":{"line":5,"column":134},"end":{"line":5,"column":165}}]},"5":{"line":5,"type":"cond-expr","locations":[{"start":{"line":5,"column":204},"end":{"line":5,"column":210}},{"start":{"line":5,"column":211},"end":{"line":5,"column":215}}]},"6":{"line":5,"type":"binary-expr","locations":[{"start":{"line":5,"column":267},"end":{"line":5,"column":268}},{"start":{"line":5,"column":271},"end":{"line":5,"column":283}}]},"7":{"line":5,"type":"binary-expr","locations":[{"start":{"line":5,"column":323},"end":{"line":5,"column":330}},{"start":{"line":5,"column":332},"end":{"line":5,"column":343}},{"start":{"line":5,"column":345},"end":{"line":5,"column":358}},{"start":{"line":5,"column":361},"end":{"line":5,"column":369}}]},"8":{"line":5,"type":"cond-expr","locations":[{"start":{"line":5,"column":392},"end":{"line":5,"column":393}},{"start":{"line":5,"column":394},"end":{"line":5,"column":396}}]},"9":{"line":5,"type":"cond-expr","locations":[{"start":{"line":5,"column":468},"end":{"line":5,"column":489}},{"start":{"line":5,"column":490},"end":{"line":5,"column":511}}]},"10":{"line":5,"type":"cond-expr","locations":[{"start":{"line":5,"column":584},"end":{"line":5,"column":599}},{"start":{"line":5,"column":601},"end":{"line":5,"column":744}}]},"11":{"line":5,"type":"cond-expr","locations":[{"start":{"line":5,"column":610},"end":{"line":5,"column":615}},{"start":{"line":5,"column":616},"end":{"line":5,"column":636}}]},"12":{"line":5,"type":"cond-expr","locations":[{"start":{"line":5,"column":651},"end":{"line":5,"column":693}},{"start":{"line":5,"column":694},"end":{"line":5,"column":744}}]},"13":{"line":5,"type":"cond-expr","locations":[{"start":{"line":5,"column":703},"end":{"line":5,"column":731}},{"start":{"line":5,"column":732},"end":{"line":5,"column":744}}]},"14":{"line":5,"type":"if","locations":[{"start":{"line":5,"column":795},"end":{"line":5,"column":795}},{"start":{"line":5,"column":795},"end":{"line":5,"column":795}}]},"15":{"line":5,"type":"binary-expr","locations":[{"start":{"line":5,"column":827},"end":{"line":5,"column":832}},{"start":{"line":5,"column":835},"end":{"line":5,"column":842}}]},"16":{"line":5,"type":"cond-expr","locations":[{"start":{"line":5,"column":857},"end":{"line":5,"column":988}},{"start":{"line":5,"column":990},"end":{"line":5,"column":1032}}]},"17":{"line":5,"type":"binary-expr","locations":[{"start":{"line":5,"column":1008},"end":{"line":5,"column":1024}},{"start":{"line":5,"column":1026},"end":{"line":5,"column":1032}}]},"18":{"line":5,"type":"binary-expr","locations":[{"start":{"line":5,"column":1089},"end":{"line":5,"column":1100}},{"start":{"line":5,"column":1103},"end":{"line":5,"column":1177}}]},"19":{"line":5,"type":"binary-expr","locations":[{"start":{"line":5,"column":1118},"end":{"line":5,"column":1123}},{"start":{"line":5,"column":1126},"end":{"line":5,"column":1133}}]},"20":{"line":5,"type":"binary-expr","locations":[{"start":{"line":5,"column":1153},"end":{"line":5,"column":1169}},{"start":{"line":5,"column":1171},"end":{"line":5,"column":1177}}]},"21":{"line":5,"type":"if","locations":[{"start":{"line":5,"column":1434},"end":{"line":5,"column":1434}},{"start":{"line":5,"column":1434},"end":{"line":5,"column":1434}}]},"22":{"line":5,"type":"if","locations":[{"start":{"line":5,"column":1492},"end":{"line":5,"column":1492}},{"start":{"line":5,"column":1492},"end":{"line":5,"column":1492}}]},"23":{"line":5,"type":"cond-expr","locations":[{"start":{"line":5,"column":1638},"end":{"line":5,"column":1639}},{"start":{"line":5,"column":1640},"end":{"line":5,"column":1642}}]},"24":{"line":5,"type":"cond-expr","locations":[{"start":{"line":5,"column":1672},"end":{"line":5,"column":1673}},{"start":{"line":5,"column":1674},"end":{"line":5,"column":1676}}]},"25":{"line":5,"type":"if","locations":[{"start":{"line":5,"column":1730},"end":{"line":5,"column":1730}},{"start":{"line":5,"column":1730},"end":{"line":5,"column":1730}}]},"26":{"line":5,"type":"binary-expr","locations":[{"start":{"line":5,"column":1733},"end":{"line":5,"column":1753}},{"start":{"line":5,"column":1755},"end":{"line":5,"column":1775}}]},"27":{"line":5,"type":"binary-expr","locations":[{"start":{"line":5,"column":1851},"end":{"line":5,"column":1862}},{"start":{"line":5,"column":1864},"end":{"line":5,"column":1870}}]},"28":{"line":5,"type":"cond-expr","locations":[{"start":{"line":5,"column":2100},"end":{"line":5,"column":2135}},{"start":{"line":5,"column":2136},"end":{"line":5,"column":2146}}]},"29":{"line":5,"type":"cond-expr","locations":[{"start":{"line":5,"column":2443},"end":{"line":5,"column":2451}},{"start":{"line":5,"column":2452},"end":{"line":5,"column":2455}}]},"30":{"line":5,"type":"cond-expr","locations":[{"start":{"line":5,"column":2700},"end":{"line":5,"column":2701}},{"start":{"line":5,"column":2702},"end":{"line":5,"column":2808}}]},"31":{"line":5,"type":"binary-expr","locations":[{"start":{"line":5,"column":2663},"end":{"line":5,"column":2664}},{"start":{"line":5,"column":2666},"end":{"line":5,"column":2684}},{"start":{"line":5,"column":2686},"end":{"line":5,"column":2699}}]},"32":{"line":5,"type":"if","locations":[{"start":{"line":5,"column":2722},"end":{"line":5,"column":2722}},{"start":{"line":5,"column":2722},"end":{"line":5,"column":2722}}]},"33":{"line":5,"type":"binary-expr","locations":[{"start":{"line":5,"column":2725},"end":{"line":5,"column":2745}},{"start":{"line":5,"column":2747},"end":{"line":5,"column":2767}}]},"34":{"line":5,"type":"if","locations":[{"start":{"line":5,"column":2866},"end":{"line":5,"column":2866}},{"start":{"line":5,"column":2866},"end":{"line":5,"column":2866}}]},"35":{"line":5,"type":"binary-expr","locations":[{"start":{"line":5,"column":2869},"end":{"line":5,"column":2889}},{"start":{"line":5,"column":2891},"end":{"line":5,"column":2911}}]},"36":{"line":5,"type":"cond-expr","locations":[{"start":{"line":5,"column":3022},"end":{"line":5,"column":3057}},{"start":{"line":5,"column":3058},"end":{"line":5,"column":3261}}]},"37":{"line":5,"type":"cond-expr","locations":[{"start":{"line":5,"column":3071},"end":{"line":5,"column":3084}},{"start":{"line":5,"column":3085},"end":{"line":5,"column":3261}}]},"38":{"line":5,"type":"if","locations":[{"start":{"line":5,"column":3105},"end":{"line":5,"column":3105}},{"start":{"line":5,"column":3105},"end":{"line":5,"column":3105}}]},"39":{"line":5,"type":"binary-expr","locations":[{"start":{"line":5,"column":3108},"end":{"line":5,"column":3128}},{"start":{"line":5,"column":3130},"end":{"line":5,"column":3150}}]},"40":{"line":5,"type":"binary-expr","locations":[{"start":{"line":5,"column":3242},"end":{"line":5,"column":3249}},{"start":{"line":5,"column":3251},"end":{"line":5,"column":3255}}]},"41":{"line":5,"type":"cond-expr","locations":[{"start":{"line":5,"column":3332},"end":{"line":5,"column":3367}},{"start":{"line":5,"column":3368},"end":{"line":5,"column":3498}}]},"42":{"line":5,"type":"if","locations":[{"start":{"line":5,"column":3388},"end":{"line":5,"column":3388}},{"start":{"line":5,"column":3388},"end":{"line":5,"column":3388}}]},"43":{"line":5,"type":"binary-expr","locations":[{"start":{"line":5,"column":3391},"end":{"line":5,"column":3411}},{"start":{"line":5,"column":3413},"end":{"line":5,"column":3433}}]}},"code":["/*! Native Promise Only","    v0.8.1 (c) Kyle Simpson","    MIT License: http://getify.mit-license.org","*/","!function(t,n,e){n[t]=n[t]||e(),\"undefined\"!=typeof module&&module.exports?module.exports=n[t]:\"function\"==typeof define&&define.amd&&define(function(){return n[t]})}(\"Promise\",\"undefined\"!=typeof global?global:this,function(){\"use strict\";function t(t,n){l.add(t,n),h||(h=y(l.drain))}function n(t){var n,e=typeof t;return null==t||\"object\"!=e&&\"function\"!=e||(n=t.then),\"function\"==typeof n?n:!1}function e(){for(var t=0;t<this.chain.length;t++)o(this,1===this.state?this.chain[t].success:this.chain[t].failure,this.chain[t]);this.chain.length=0}function o(t,e,o){var r,i;try{e===!1?o.reject(t.msg):(r=e===!0?t.msg:e.call(void 0,t.msg),r===o.promise?o.reject(TypeError(\"Promise-chain cycle\")):(i=n(r))?i.call(r,o.resolve,o.reject):o.resolve(r))}catch(c){o.reject(c)}}function r(o){var c,u=this;if(!u.triggered){u.triggered=!0,u.def&&(u=u.def);try{(c=n(o))?t(function(){var t=new f(u);try{c.call(o,function(){r.apply(t,arguments)},function(){i.apply(t,arguments)})}catch(n){i.call(t,n)}}):(u.msg=o,u.state=1,u.chain.length>0&&t(e,u))}catch(a){i.call(new f(u),a)}}}function i(n){var o=this;o.triggered||(o.triggered=!0,o.def&&(o=o.def),o.msg=n,o.state=2,o.chain.length>0&&t(e,o))}function c(t,n,e,o){for(var r=0;r<n.length;r++)!function(r){t.resolve(n[r]).then(function(t){e(r,t)},o)}(r)}function f(t){this.def=t,this.triggered=!1}function u(t){this.promise=t,this.state=0,this.triggered=!1,this.chain=[],this.msg=void 0}function a(n){if(\"function\"!=typeof n)throw TypeError(\"Not a function\");if(0!==this.__NPO__)throw TypeError(\"Not a promise\");this.__NPO__=1;var o=new u(this);this.then=function(n,r){var i={success:\"function\"==typeof n?n:!0,failure:\"function\"==typeof r?r:!1};return i.promise=new this.constructor(function(t,n){if(\"function\"!=typeof t||\"function\"!=typeof n)throw TypeError(\"Not a function\");i.resolve=t,i.reject=n}),o.chain.push(i),0!==o.state&&t(e,o),i.promise},this[\"catch\"]=function(t){return this.then(void 0,t)};try{n.call(void 0,function(t){r.call(o,t)},function(t){i.call(o,t)})}catch(c){i.call(o,c)}}var s,h,l,p=Object.prototype.toString,y=\"undefined\"!=typeof setImmediate?function(t){return setImmediate(t)}:setTimeout;try{Object.defineProperty({},\"x\",{}),s=function(t,n,e,o){return Object.defineProperty(t,n,{value:e,writable:!0,configurable:o!==!1})}}catch(d){s=function(t,n,e){return t[n]=e,t}}l=function(){function t(t,n){this.fn=t,this.self=n,this.next=void 0}var n,e,o;return{add:function(r,i){o=new t(r,i),e?e.next=o:n=o,e=o,o=void 0},drain:function(){var t=n;for(n=e=h=void 0;t;)t.fn.call(t.self),t=t.next}}}();var g=s({},\"constructor\",a,!1);return a.prototype=g,s(g,\"__NPO__\",0,!1),s(a,\"resolve\",function(t){var n=this;return t&&\"object\"==typeof t&&1===t.__NPO__?t:new n(function(n,e){if(\"function\"!=typeof n||\"function\"!=typeof e)throw TypeError(\"Not a function\");n(t)})}),s(a,\"reject\",function(t){return new this(function(n,e){if(\"function\"!=typeof n||\"function\"!=typeof e)throw TypeError(\"Not a function\");e(t)})}),s(a,\"all\",function(t){var n=this;return\"[object Array]\"!=p.call(t)?n.reject(TypeError(\"Not an array\")):0===t.length?n.resolve([]):new n(function(e,o){if(\"function\"!=typeof e||\"function\"!=typeof o)throw TypeError(\"Not a function\");var r=t.length,i=Array(r),f=0;c(n,t,function(t,n){i[t]=n,++f===r&&e(i)},o)})}),s(a,\"race\",function(t){var n=this;return\"[object Array]\"!=p.call(t)?n.reject(TypeError(\"Not an array\")):new n(function(e,o){if(\"function\"!=typeof e||\"function\"!=typeof o)throw TypeError(\"Not a function\");c(n,t,function(t,n){e(n)},o)})}),a});",""],"l":{"5":1}}}